0 info it worked if it ends with ok
1 verbose cli [ '/usr/local/bin/node', '/usr/local/bin/npm', 'run', 'seedData' ]
2 info using npm@3.10.10
3 info using node@v6.10.1
4 verbose run-script [ 'preseedData', 'seedData', 'postseedData' ]
5 info lifecycle jaxdms@1.0.0~preseedData: jaxdms@1.0.0
6 silly lifecycle jaxdms@1.0.0~preseedData: no script for preseedData, continuing
7 info lifecycle jaxdms@1.0.0~seedData: jaxdms@1.0.0
8 verbose lifecycle jaxdms@1.0.0~seedData: unsafe-perm in lifecycle true
9 verbose lifecycle jaxdms@1.0.0~seedData: PATH: /usr/local/lib/node_modules/npm/bin/node-gyp-bin:/Users/andeladeveloper/Documents/checkp2/jaxdms/node_modules/.bin:/usr/local/opt/openssl/bin:/usr/local/bin:/usr/bin:/bin:/usr/sbin:/sbin:/usr/local/opt/openssl/bin
10 verbose lifecycle jaxdms@1.0.0~seedData: CWD: /Users/andeladeveloper/Documents/checkp2/jaxdms
11 silly lifecycle jaxdms@1.0.0~seedData: Args: [ '-c', 'node ./seeders/seedData.js' ]
12 silly lifecycle jaxdms@1.0.0~seedData: Returned: code: 1  signal: null
13 info lifecycle jaxdms@1.0.0~seedData: Failed to exec seedData script
14 verbose stack Error: jaxdms@1.0.0 seedData: `node ./seeders/seedData.js`
14 verbose stack Exit status 1
14 verbose stack     at EventEmitter.<anonymous> (/usr/local/lib/node_modules/npm/lib/utils/lifecycle.js:255:16)
14 verbose stack     at emitTwo (events.js:106:13)
14 verbose stack     at EventEmitter.emit (events.js:191:7)
14 verbose stack     at ChildProcess.<anonymous> (/usr/local/lib/node_modules/npm/lib/utils/spawn.js:40:14)
14 verbose stack     at emitTwo (events.js:106:13)
14 verbose stack     at ChildProcess.emit (events.js:191:7)
14 verbose stack     at maybeClose (internal/child_process.js:886:16)
14 verbose stack     at Process.ChildProcess._handle.onexit (internal/child_process.js:226:5)
15 verbose pkgid jaxdms@1.0.0
16 verbose cwd /Users/andeladeveloper/Documents/checkp2/jaxdms
17 error Darwin 16.5.0
18 error argv "/usr/local/bin/node" "/usr/local/bin/npm" "run" "seedData"
19 error node v6.10.1
20 error npm  v3.10.10
21 error code ELIFECYCLE
22 error jaxdms@1.0.0 seedData: `node ./seeders/seedData.js`
22 error Exit status 1
23 error Failed at the jaxdms@1.0.0 seedData script 'node ./seeders/seedData.js'.
23 error Make sure you have the latest version of node.js and npm installed.
23 error If you do, this is most likely a problem with the jaxdms package,
23 error not with npm itself.
23 error Tell the author that this fails on your system:
23 error     node ./seeders/seedData.js
23 error You can get information on how to open an issue for this project with:
23 error     npm bugs jaxdms
23 error Or if that isn't available, you can get their info via:
23 error     npm owner ls jaxdms
23 error There is likely additional logging output above.
24 verbose exit [ 1, true ]
