15:05:39.946 INFO - Selenium build info: version: '3.3.1', revision: '5234b32'
15:05:39.947 INFO - Launching a standalone Selenium Server
2017-06-22 15:05:39.967:INFO::main: Logging initialized @272ms to org.seleniumhq.jetty9.util.log.StdErrLog
15:05:40.035 INFO - Driver provider org.openqa.selenium.ie.InternetExplorerDriver registration is skipped:
 registration capabilities Capabilities [{ensureCleanSession=true, browserName=internet explorer, version=, platform=WINDOWS}] does not match the current platform MAC
15:05:40.035 INFO - Driver provider org.openqa.selenium.edge.EdgeDriver registration is skipped:
 registration capabilities Capabilities [{browserName=MicrosoftEdge, version=, platform=WINDOWS}] does not match the current platform MAC
15:05:40.036 INFO - Driver class not found: com.opera.core.systems.OperaDriver
15:05:40.036 INFO - Driver provider com.opera.core.systems.OperaDriver registration is skipped:
Unable to create new instances on this machine.
15:05:40.036 INFO - Driver class not found: com.opera.core.systems.OperaDriver
15:05:40.036 INFO - Driver provider com.opera.core.systems.OperaDriver is not registered
2017-06-22 15:05:40.103:INFO:osjs.Server:main: jetty-9.2.20.v20161216
2017-06-22 15:05:40.137:INFO:osjsh.ContextHandler:main: Started o.s.j.s.ServletContextHandler@77cd7a0{/,null,AVAILABLE}
2017-06-22 15:05:40.170:INFO:osjs.AbstractConnector:main: Started ServerConnector@1ed4004b{HTTP/1.1,[http/1.1]}{0.0.0.0:4444}
2017-06-22 15:05:40.171:INFO:osjs.Server:main: Started @477ms
15:05:40.171 INFO - Selenium Server is up and running
15:05:41.177 INFO - SessionCleaner initialized with insideBrowserTimeout 0 and clientGoneTimeout 1800000 polling every 180000
15:05:41.236 INFO - Executing: [new session: Capabilities [{acceptSslCerts=true, name=Documents, browserName=chrome, javascriptEnabled=true, platform=ANY}]])
15:05:41.282 INFO - Creating a new session for Capabilities [{acceptSslCerts=true, name=Documents, browserName=chrome, javascriptEnabled=true, platform=ANY}]
Starting ChromeDriver 2.30.477690 (c53f4ad87510ee97b5c3425a14c0e79780cdf262) on port 10782
Only local connections are allowed.
15:05:42.960 INFO - Detected dialect: OSS
15:05:42.986 INFO - Done: [new session: Capabilities [{acceptSslCerts=true, name=Documents, browserName=chrome, javascriptEnabled=true, platform=ANY}]]
15:05:43.018 INFO - Executing: [get: http://localhost:3444/auth])
15:05:46.104 INFO - Done: [get: http://localhost:3444/auth]
15:05:46.119 INFO - Executing: [find elements: By.cssSelector: body])
15:05:46.176 INFO - Done: [find elements: By.cssSelector: body]
15:05:46.185 INFO - Executing: [is displayed: 0 [[ChromeDriver: chrome on MAC (65cf287ce87683dedc712311dfa4c8bd)] -> css selector: body]])
15:05:46.220 INFO - Done: [is displayed: 0 [[ChromeDriver: chrome on MAC (65cf287ce87683dedc712311dfa4c8bd)] -> css selector: body]]
15:05:46.232 INFO - Executing: [find element: By.cssSelector: input[id=username-sigin]])
15:05:46.254 INFO - Done: [find element: By.cssSelector: input[id=username-sigin]]
15:05:46.261 INFO - Executing: [send keys: 1 [[ChromeDriver: chrome on MAC (65cf287ce87683dedc712311dfa4c8bd)] -> css selector: input[id=username-sigin]], [a, d, m, i, n]])
15:05:46.619 INFO - Done: [send keys: 1 [[ChromeDriver: chrome on MAC (65cf287ce87683dedc712311dfa4c8bd)] -> css selector: input[id=username-sigin]], [a, d, m, i, n]]
15:05:46.627 INFO - Executing: [find element: By.cssSelector: input[id=password-signin]])
15:05:46.667 INFO - Done: [find element: By.cssSelector: input[id=password-signin]]
15:05:46.677 INFO - Executing: [send keys: 2 [[ChromeDriver: chrome on MAC (65cf287ce87683dedc712311dfa4c8bd)] -> css selector: input[id=password-signin]], [p, a, s, s, w, o, r, d, 1, 2, 3]])
15:05:46.900 INFO - Done: [send keys: 2 [[ChromeDriver: chrome on MAC (65cf287ce87683dedc712311dfa4c8bd)] -> css selector: input[id=password-signin]], [p, a, s, s, w, o, r, d, 1, 2, 3]]
15:05:46.906 INFO - Executing: [find element: By.cssSelector: button[name=sign-in]])
15:05:46.933 INFO - Done: [find element: By.cssSelector: button[name=sign-in]]
15:05:46.939 INFO - Executing: [click: 3 [[ChromeDriver: chrome on MAC (65cf287ce87683dedc712311dfa4c8bd)] -> css selector: button[name=sign-in]]])
15:05:47.102 INFO - Done: [click: 3 [[ChromeDriver: chrome on MAC (65cf287ce87683dedc712311dfa4c8bd)] -> css selector: button[name=sign-in]]]
15:05:47.118 INFO - Executing: [find elements: By.cssSelector: input[type=search]])
15:05:47.246 INFO - Done: [find elements: By.cssSelector: input[type=search]]
15:05:47.756 INFO - Executing: [find elements: By.cssSelector: input[type=search]])
15:05:47.987 INFO - Done: [find elements: By.cssSelector: input[type=search]]
15:05:48.001 INFO - Executing: [is displayed: 4 [[ChromeDriver: chrome on MAC (65cf287ce87683dedc712311dfa4c8bd)] -> css selector: input[type=search]]])
15:05:48.092 INFO - Done: [is displayed: 4 [[ChromeDriver: chrome on MAC (65cf287ce87683dedc712311dfa4c8bd)] -> css selector: input[type=search]]]
15:05:48.102 INFO - Executing: [get current url])
15:05:48.136 INFO - Done: [get current url]
15:05:48.153 INFO - Executing: [get: http://localhost:3444/auth])
15:05:49.925 INFO - Done: [get: http://localhost:3444/auth]
15:05:49.948 INFO - Executing: [find elements: By.cssSelector: body])
15:05:49.996 INFO - Done: [find elements: By.cssSelector: body]
15:05:50.005 INFO - Executing: [is displayed: 5 [[ChromeDriver: chrome on MAC (65cf287ce87683dedc712311dfa4c8bd)] -> css selector: body]])
15:05:50.063 INFO - Done: [is displayed: 5 [[ChromeDriver: chrome on MAC (65cf287ce87683dedc712311dfa4c8bd)] -> css selector: body]]
15:05:52.574 INFO - Executing: [find element: By.xpath: //*[@id="app"]/div/div/div[2]/div[2]/a/i])
15:05:52.595 INFO - Done: [find element: By.xpath: //*[@id="app"]/div/div/div[2]/div[2]/a/i]
15:05:52.599 INFO - Executing: [click: 6 [[ChromeDriver: chrome on MAC (65cf287ce87683dedc712311dfa4c8bd)] -> xpath: //*[@id="app"]/div/div/div[2]/div[2]/a/i]])
15:05:52.848 INFO - Done: [click: 6 [[ChromeDriver: chrome on MAC (65cf287ce87683dedc712311dfa4c8bd)] -> xpath: //*[@id="app"]/div/div/div[2]/div[2]/a/i]]
15:05:52.853 INFO - Executing: [find element: By.cssSelector: input[name=title]])
15:05:52.887 INFO - Done: [find element: By.cssSelector: input[name=title]]
15:05:52.895 INFO - Executing: [send keys: 7 [[ChromeDriver: chrome on MAC (65cf287ce87683dedc712311dfa4c8bd)] -> css selector: input[name=title]], [a, s, p, e, r, i, o, r, e, s,  , d, o, l, o, r, e, s,  , a, l, i, q, u, a, m]])
15:05:53.527 INFO - Done: [send keys: 7 [[ChromeDriver: chrome on MAC (65cf287ce87683dedc712311dfa4c8bd)] -> css selector: input[name=title]], [a, s, p, e, r, i, o, r, e, s,  , d, o, l, o, r, e, s,  , a, l, i, q, u, a, m]]
15:05:53.539 INFO - Executing: [find element: By.cssSelector: .mce-i-code])
15:05:53.571 INFO - Done: [find element: By.cssSelector: .mce-i-code]
15:05:53.575 INFO - Executing: [click: 8 [[ChromeDriver: chrome on MAC (65cf287ce87683dedc712311dfa4c8bd)] -> css selector: .mce-i-code]])
15:05:53.690 INFO - Done: [click: 8 [[ChromeDriver: chrome on MAC (65cf287ce87683dedc712311dfa4c8bd)] -> css selector: .mce-i-code]]
15:05:53.701 INFO - Executing: [find element: By.cssSelector: .mce-textbox])
15:05:53.733 INFO - Done: [find element: By.cssSelector: .mce-textbox]
15:05:53.757 INFO - Executing: [send keys: 9 [[ChromeDriver: chrome on MAC (65cf287ce87683dedc712311dfa4c8bd)] -> css selector: .mce-textbox], [E, s, s, e,  , m, o, l, l, i, t, i, a,  , n, o, n,  , a,  , a, p, e, r, i, a, m,  , d, o, l, o, r, e, s,  , u, n, d, e, .,  , R, e, p, e, l, l, e, n, d, u, s,  , l, a, u, d, a, n, t, i, u, m,  , e, l, i, g, e, n, d, i, .,  , T, e, n, e, t, u, r,  , u, t,  , a, s, s, u, m, e, n, d, a,  , m, i, n, i, m, a,  , e, r, r, o, r,  , q, u, a, s, i,  , n, a, t, u, s,  , v, e, l,  , p, o, r, r, o,  , e, t, ., 
,  , , Q, u, i, b, u, s, d, a, m,  , q, u, i, s,  , s, u, s, c, i, p, i, t,  , e, s, t,  , e, s, t,  , i, d,  , a, c, c, u, s, a, n, t, i, u, m,  , s, e, d,  , q, u, i, .,  , I, n, c, i, d, u, n, t,  , n, e, m, o,  , r, e, m,  , e, t,  , e, o, s,  , a, u, t,  , m, o, l, e, s, t, i, a, e, .,  , H, i, c,  , i, n,  , t, e, m, p, o, r, e,  , q, u, o, s,  , a, l, i, q, u, a, m, .,  , D, i, s, t, i, n, c, t, i, o,  , e, u, m,  , c, o, n, s, e, c, t, e, t, u, r,  , i, n, v, e, n, t, o, r, e,  , r, e, m,  , i, u, r, e,  , a, u, t,  , t, o, t, a, m, ., 
,  , , M, a, g, n, i,  , n, e, m, o,  , u, t, .,  , Q, u, i,  , m, a, x, i, m, e,  , v, e, l, i, t,  , a, u, t, .,  , E, n, i, m,  , n, u, l, l, a,  , e, s, s, e, .,  , T, e, m, p, o, r, i, b, u, s,  , e, u, m,  , r, e, m,  , q, u, i,  , e, x, .]])
15:05:57.109 INFO - Done: [send keys: 9 [[ChromeDriver: chrome on MAC (65cf287ce87683dedc712311dfa4c8bd)] -> css selector: .mce-textbox], [E, s, s, e,  , m, o, l, l, i, t, i, a,  , n, o, n,  , a,  , a, p, e, r, i, a, m,  , d, o, l, o, r, e, s,  , u, n, d, e, .,  , R, e, p, e, l, l, e, n, d, u, s,  , l, a, u, d, a, n, t, i, u, m,  , e, l, i, g, e, n, d, i, .,  , T, e, n, e, t, u, r,  , u, t,  , a, s, s, u, m, e, n, d, a,  , m, i, n, i, m, a,  , e, r, r, o, r,  , q, u, a, s, i,  , n, a, t, u, s,  , v, e, l,  , p, o, r, r, o,  , e, t, ., 
,  , , Q, u, i, b, u, s, d, a, m,  , q, u, i, s,  , s, u, s, c, i, p, i, t,  , e, s, t,  , e, s, t,  , i, d,  , a, c, c, u, s, a, n, t, i, u, m,  , s, e, d,  , q, u, i, .,  , I, n, c, i, d, u, n, t,  , n, e, m, o,  , r, e, m,  , e, t,  , e, o, s,  , a, u, t,  , m, o, l, e, s, t, i, a, e, .,  , H, i, c,  , i, n,  , t, e, m, p, o, r, e,  , q, u, o, s,  , a, l, i, q, u, a, m, .,  , D, i, s, t, i, n, c, t, i, o,  , e, u, m,  , c, o, n, s, e, c, t, e, t, u, r,  , i, n, v, e, n, t, o, r, e,  , r, e, m,  , i, u, r, e,  , a, u, t,  , t, o, t, a, m, ., 
,  , , M, a, g, n, i,  , n, e, m, o,  , u, t, .,  , Q, u, i,  , m, a, x, i, m, e,  , v, e, l, i, t,  , a, u, t, .,  , E, n, i, m,  , n, u, l, l, a,  , e, s, s, e, .,  , T, e, m, p, o, r, i, b, u, s,  , e, u, m,  , r, e, m,  , q, u, i,  , e, x, .]]
15:05:57.115 INFO - Executing: [find element: By.cssSelector: .mce-floatpanel .mce-container-body button])
15:05:57.137 INFO - Done: [find element: By.cssSelector: .mce-floatpanel .mce-container-body button]
15:05:57.141 INFO - Executing: [click: 10 [[ChromeDriver: chrome on MAC (65cf287ce87683dedc712311dfa4c8bd)] -> css selector: .mce-floatpanel .mce-container-body button]])
15:05:57.222 INFO - Done: [click: 10 [[ChromeDriver: chrome on MAC (65cf287ce87683dedc712311dfa4c8bd)] -> css selector: .mce-floatpanel .mce-container-body button]]
15:05:59.239 INFO - Executing: [find element: By.xpath: //*[@id="createModal"]/div[2]/button])
15:05:59.279 INFO - Done: [find element: By.xpath: //*[@id="createModal"]/div[2]/button]
15:05:59.285 INFO - Executing: [click: 11 [[ChromeDriver: chrome on MAC (65cf287ce87683dedc712311dfa4c8bd)] -> xpath: //*[@id="createModal"]/div[2]/button]])
15:05:59.550 INFO - Done: [click: 11 [[ChromeDriver: chrome on MAC (65cf287ce87683dedc712311dfa4c8bd)] -> xpath: //*[@id="createModal"]/div[2]/button]]
15:05:59.565 INFO - Executing: [find elements: By.xpath: //*[@id="toast-container"]/div])
15:05:59.893 INFO - Done: [find elements: By.xpath: //*[@id="toast-container"]/div]
15:05:59.899 INFO - Executing: [is displayed: 12 [[ChromeDriver: chrome on MAC (65cf287ce87683dedc712311dfa4c8bd)] -> xpath: //*[@id="toast-container"]/div]])
15:05:59.942 INFO - Done: [is displayed: 12 [[ChromeDriver: chrome on MAC (65cf287ce87683dedc712311dfa4c8bd)] -> xpath: //*[@id="toast-container"]/div]]
15:05:59.953 INFO - Executing: [find element: By.xpath: //*[@id="toast-container"]/div])
15:05:59.999 INFO - Done: [find element: By.xpath: //*[@id="toast-container"]/div]
15:06:00.005 INFO - Executing: [get text: 12 [[ChromeDriver: chrome on MAC (65cf287ce87683dedc712311dfa4c8bd)] -> xpath: //*[@id="toast-container"]/div]])
15:06:00.055 INFO - Done: [get text: 12 [[ChromeDriver: chrome on MAC (65cf287ce87683dedc712311dfa4c8bd)] -> xpath: //*[@id="toast-container"]/div]]
15:06:00.067 INFO - Executing: [get: http://localhost:3444/auth])
15:06:01.310 INFO - Done: [get: http://localhost:3444/auth]
15:06:02.320 INFO - Executing: [find elements: By.cssSelector: body])
15:06:02.333 INFO - Done: [find elements: By.cssSelector: body]
15:06:02.338 INFO - Executing: [is displayed: 13 [[ChromeDriver: chrome on MAC (65cf287ce87683dedc712311dfa4c8bd)] -> css selector: body]])
15:06:02.358 INFO - Done: [is displayed: 13 [[ChromeDriver: chrome on MAC (65cf287ce87683dedc712311dfa4c8bd)] -> css selector: body]]
15:06:02.364 INFO - Executing: [find element: By.cssSelector: .e2eview])
15:06:02.388 INFO - Done: [find element: By.cssSelector: .e2eview]
15:06:02.400 INFO - Executing: [click: 14 [[ChromeDriver: chrome on MAC (65cf287ce87683dedc712311dfa4c8bd)] -> css selector: .e2eview]])
15:06:02.565 INFO - Done: [click: 14 [[ChromeDriver: chrome on MAC (65cf287ce87683dedc712311dfa4c8bd)] -> css selector: .e2eview]]
15:06:02.575 INFO - Executing: [find element: By.xpath: //*[@id="editDocModal"]/div[2]/span[2]])
15:06:02.650 INFO - Done: [find element: By.xpath: //*[@id="editDocModal"]/div[2]/span[2]]
15:06:02.663 INFO - Executing: [get text: 15 [[ChromeDriver: chrome on MAC (65cf287ce87683dedc712311dfa4c8bd)] -> xpath: //*[@id="editDocModal"]/div[2]/span[2]]])
15:06:02.725 INFO - Done: [get text: 15 [[ChromeDriver: chrome on MAC (65cf287ce87683dedc712311dfa4c8bd)] -> xpath: //*[@id="editDocModal"]/div[2]/span[2]]]
15:06:02.733 INFO - Executing: [find element: By.xpath: //*[@id="editDocModal"]/div[2]/a[1]])
15:06:02.801 INFO - Done: [find element: By.xpath: //*[@id="editDocModal"]/div[2]/a[1]]
15:06:02.811 INFO - Executing: [click: 16 [[ChromeDriver: chrome on MAC (65cf287ce87683dedc712311dfa4c8bd)] -> xpath: //*[@id="editDocModal"]/div[2]/a[1]]])
15:06:02.970 INFO - Done: [click: 16 [[ChromeDriver: chrome on MAC (65cf287ce87683dedc712311dfa4c8bd)] -> xpath: //*[@id="editDocModal"]/div[2]/a[1]]]
15:06:02.988 INFO - Executing: [get: http://localhost:3444/auth])
15:06:04.214 INFO - Done: [get: http://localhost:3444/auth]
15:06:04.221 INFO - Executing: [find elements: By.cssSelector: body])
15:06:04.299 INFO - Done: [find elements: By.cssSelector: body]
15:06:04.336 INFO - Executing: [is displayed: 17 [[ChromeDriver: chrome on MAC (65cf287ce87683dedc712311dfa4c8bd)] -> css selector: body]])
15:06:04.365 INFO - Done: [is displayed: 17 [[ChromeDriver: chrome on MAC (65cf287ce87683dedc712311dfa4c8bd)] -> css selector: body]]
15:06:04.394 INFO - Executing: [find element: By.cssSelector: .e2eedit])
15:06:04.507 INFO - Done: [find element: By.cssSelector: .e2eedit]
15:06:04.519 INFO - Executing: [click: 18 [[ChromeDriver: chrome on MAC (65cf287ce87683dedc712311dfa4c8bd)] -> css selector: .e2eedit]])
15:06:04.725 INFO - Done: [click: 18 [[ChromeDriver: chrome on MAC (65cf287ce87683dedc712311dfa4c8bd)] -> css selector: .e2eedit]]
15:06:04.732 INFO - Executing: [get current url])
15:06:04.889 INFO - Done: [get current url]
15:06:04.899 INFO - Executing: [find element: By.cssSelector: .mce-i-code])
15:06:04.914 INFO - Done: [find element: By.cssSelector: .mce-i-code]
15:06:04.920 INFO - Executing: [click: 19 [[ChromeDriver: chrome on MAC (65cf287ce87683dedc712311dfa4c8bd)] -> css selector: .mce-i-code]])
15:06:05.094 INFO - Done: [click: 19 [[ChromeDriver: chrome on MAC (65cf287ce87683dedc712311dfa4c8bd)] -> css selector: .mce-i-code]]
15:06:05.103 INFO - Executing: [find element: By.cssSelector: .mce-textbox])
15:06:05.118 INFO - Done: [find element: By.cssSelector: .mce-textbox]
15:06:05.124 INFO - Executing: [clear: 20 [[ChromeDriver: chrome on MAC (65cf287ce87683dedc712311dfa4c8bd)] -> css selector: .mce-textbox]])
15:06:05.158 INFO - Done: [clear: 20 [[ChromeDriver: chrome on MAC (65cf287ce87683dedc712311dfa4c8bd)] -> css selector: .mce-textbox]]
15:06:05.165 INFO - Executing: [find element: By.cssSelector: .mce-textbox])
15:06:05.185 INFO - Done: [find element: By.cssSelector: .mce-textbox]
15:06:05.206 INFO - Executing: [send keys: 20 [[ChromeDriver: chrome on MAC (65cf287ce87683dedc712311dfa4c8bd)] -> css selector: .mce-textbox], [E, v, e, n, i, e, t,  , f, u, g, i, a, t,  , a, u, t,  , a, u, t, e, m,  , e, i, u, s, .,  , E, o, s,  , d, o, l, o, r, e, s,  , v, e, l, i, t,  , s, a, e, p, e,  , d, i, s, t, i, n, c, t, i, o,  , a, l, i, q, u, i, d,  , l, i, b, e, r, o,  , i, p, s, a, m,  , e, a, r, u, m, .,  , A, c, c, u, s, a, m, u, s,  , c, o, r, r, u, p, t, i,  , v, o, l, u, p, t, a, t, e, s,  , n, a, t, u, s, .,  , N, o, n,  , l, a, b, o, r, e,  , q, u, a, s,  , m, o, l, e, s, t, i, a, s,  , u, t,  , s, i, n, t,  , q, u, i,  , e, t, .,  , Q, u, i, a,  , t, e, m, p, o, r, e,  , e, t,  , i, s, t, e,  , a, s, p, e, r, n, a, t, u, r, ., 
,  , , T, e, m, p, o, r, a,  , s, i, t,  , r, e, p, r, e, h, e, n, d, e, r, i, t,  , r, e, r, u, m,  , i, u, s, t, o,  , d, i, s, t, i, n, c, t, i, o,  , n, e, c, e, s, s, i, t, a, t, i, b, u, s,  , q, u, i, s, .,  , O, c, c, a, e, c, a, t, i,  , q, u, o, d,  , v, e, l,  , e, t, .,  , V, o, l, u, p, t, a, t, e, m,  , d, o, l, o, r, e, m,  , v, o, l, u, p, t, a, t, e, s,  , d, e, l, e, c, t, u, s,  , e, t,  , s, a, p, i, e, n, t, e, .,  , F, u, g, a,  , p, e, r, f, e, r, e, n, d, i, s,  , q, u, i, a,  , o, m, n, i, s,  , e, s, t,  , m, a, g, n, a, m,  , q, u, i, a, ., 
,  , , I, n, v, e, n, t, o, r, e,  , m, a, g, n, a, m,  , s, a, e, p, e,  , n, o, b, i, s,  , l, i, b, e, r, o,  , i, s, t, e,  , a, u, t, e, m, .,  , Q, u, i,  , c, o, r, p, o, r, i, s,  , a, u, t,  , e, u, m,  , p, r, a, e, s, e, n, t, i, u, m,  , a, s, p, e, r, i, o, r, e, s,  , i, n, c, i, d, u, n, t,  , e, t, .,  , F, u, g, a,  , e, t,  , d, o, l, o, r, u, m,  , v, e, l, i, t,  , n, o, n, .]])
15:06:09.475 INFO - Done: [send keys: 20 [[ChromeDriver: chrome on MAC (65cf287ce87683dedc712311dfa4c8bd)] -> css selector: .mce-textbox], [E, v, e, n, i, e, t,  , f, u, g, i, a, t,  , a, u, t,  , a, u, t, e, m,  , e, i, u, s, .,  , E, o, s,  , d, o, l, o, r, e, s,  , v, e, l, i, t,  , s, a, e, p, e,  , d, i, s, t, i, n, c, t, i, o,  , a, l, i, q, u, i, d,  , l, i, b, e, r, o,  , i, p, s, a, m,  , e, a, r, u, m, .,  , A, c, c, u, s, a, m, u, s,  , c, o, r, r, u, p, t, i,  , v, o, l, u, p, t, a, t, e, s,  , n, a, t, u, s, .,  , N, o, n,  , l, a, b, o, r, e,  , q, u, a, s,  , m, o, l, e, s, t, i, a, s,  , u, t,  , s, i, n, t,  , q, u, i,  , e, t, .,  , Q, u, i, a,  , t, e, m, p, o, r, e,  , e, t,  , i, s, t, e,  , a, s, p, e, r, n, a, t, u, r, ., 
,  , , T, e, m, p, o, r, a,  , s, i, t,  , r, e, p, r, e, h, e, n, d, e, r, i, t,  , r, e, r, u, m,  , i, u, s, t, o,  , d, i, s, t, i, n, c, t, i, o,  , n, e, c, e, s, s, i, t, a, t, i, b, u, s,  , q, u, i, s, .,  , O, c, c, a, e, c, a, t, i,  , q, u, o, d,  , v, e, l,  , e, t, .,  , V, o, l, u, p, t, a, t, e, m,  , d, o, l, o, r, e, m,  , v, o, l, u, p, t, a, t, e, s,  , d, e, l, e, c, t, u, s,  , e, t,  , s, a, p, i, e, n, t, e, .,  , F, u, g, a,  , p, e, r, f, e, r, e, n, d, i, s,  , q, u, i, a,  , o, m, n, i, s,  , e, s, t,  , m, a, g, n, a, m,  , q, u, i, a, ., 
,  , , I, n, v, e, n, t, o, r, e,  , m, a, g, n, a, m,  , s, a, e, p, e,  , n, o, b, i, s,  , l, i, b, e, r, o,  , i, s, t, e,  , a, u, t, e, m, .,  , Q, u, i,  , c, o, r, p, o, r, i, s,  , a, u, t,  , e, u, m,  , p, r, a, e, s, e, n, t, i, u, m,  , a, s, p, e, r, i, o, r, e, s,  , i, n, c, i, d, u, n, t,  , e, t, .,  , F, u, g, a,  , e, t,  , d, o, l, o, r, u, m,  , v, e, l, i, t,  , n, o, n, .]]
15:06:09.507 INFO - Executing: [find element: By.cssSelector: .mce-floatpanel .mce-container-body button])
15:06:09.517 INFO - Done: [find element: By.cssSelector: .mce-floatpanel .mce-container-body button]
15:06:09.522 INFO - Executing: [click: 21 [[ChromeDriver: chrome on MAC (65cf287ce87683dedc712311dfa4c8bd)] -> css selector: .mce-floatpanel .mce-container-body button]])
15:06:09.612 INFO - Done: [click: 21 [[ChromeDriver: chrome on MAC (65cf287ce87683dedc712311dfa4c8bd)] -> css selector: .mce-floatpanel .mce-container-body button]]
15:06:11.621 INFO - Executing: [find element: By.xpath: //*[@id="app"]/div/div/div[2]/div/div[2]/form/button])
15:06:11.644 INFO - Done: [find element: By.xpath: //*[@id="app"]/div/div/div[2]/div/div[2]/form/button]
15:06:11.649 INFO - Executing: [click: 22 [[ChromeDriver: chrome on MAC (65cf287ce87683dedc712311dfa4c8bd)] -> xpath: //*[@id="app"]/div/div/div[2]/div/div[2]/form/button]])
15:06:11.767 INFO - Done: [click: 22 [[ChromeDriver: chrome on MAC (65cf287ce87683dedc712311dfa4c8bd)] -> xpath: //*[@id="app"]/div/div/div[2]/div/div[2]/form/button]]
15:06:11.777 INFO - Executing: [find elements: By.xpath: //*[@id="toast-container"]/div])
15:06:12.327 INFO - Done: [find elements: By.xpath: //*[@id="toast-container"]/div]
15:06:12.333 INFO - Executing: [is displayed: 23 [[ChromeDriver: chrome on MAC (65cf287ce87683dedc712311dfa4c8bd)] -> xpath: //*[@id="toast-container"]/div]])
15:06:12.436 INFO - Done: [is displayed: 23 [[ChromeDriver: chrome on MAC (65cf287ce87683dedc712311dfa4c8bd)] -> xpath: //*[@id="toast-container"]/div]]
15:06:12.444 INFO - Executing: [find element: By.xpath: //*[@id="toast-container"]/div])
15:06:12.489 INFO - Done: [find element: By.xpath: //*[@id="toast-container"]/div]
15:06:12.497 INFO - Executing: [get text: 23 [[ChromeDriver: chrome on MAC (65cf287ce87683dedc712311dfa4c8bd)] -> xpath: //*[@id="toast-container"]/div]])
15:06:12.562 INFO - Done: [get text: 23 [[ChromeDriver: chrome on MAC (65cf287ce87683dedc712311dfa4c8bd)] -> xpath: //*[@id="toast-container"]/div]]
15:06:12.575 INFO - Executing: [get: http://localhost:3444/auth])
15:06:13.552 INFO - Done: [get: http://localhost:3444/auth]
15:06:13.562 INFO - Executing: [find elements: By.cssSelector: body])
15:06:13.709 INFO - Done: [find elements: By.cssSelector: body]
15:06:13.720 INFO - Executing: [is displayed: 24 [[ChromeDriver: chrome on MAC (65cf287ce87683dedc712311dfa4c8bd)] -> css selector: body]])
15:06:13.762 INFO - Done: [is displayed: 24 [[ChromeDriver: chrome on MAC (65cf287ce87683dedc712311dfa4c8bd)] -> css selector: body]]
15:06:13.773 INFO - Executing: [find element: By.cssSelector: .e2edelete])
15:06:13.806 INFO - Done: [find element: By.cssSelector: .e2edelete]
15:06:13.813 INFO - Executing: [click: 25 [[ChromeDriver: chrome on MAC (65cf287ce87683dedc712311dfa4c8bd)] -> css selector: .e2edelete]])
15:06:13.919 INFO - Done: [click: 25 [[ChromeDriver: chrome on MAC (65cf287ce87683dedc712311dfa4c8bd)] -> css selector: .e2edelete]]
15:06:14.942 INFO - Executing: [find element: By.xpath: //*[@id="deleteDocModal"]/div[2]/a[2]])
15:06:14.967 INFO - Done: [find element: By.xpath: //*[@id="deleteDocModal"]/div[2]/a[2]]
15:06:14.976 INFO - Executing: [click: 26 [[ChromeDriver: chrome on MAC (65cf287ce87683dedc712311dfa4c8bd)] -> xpath: //*[@id="deleteDocModal"]/div[2]/a[2]]])
15:06:15.039 INFO - Done: [click: 26 [[ChromeDriver: chrome on MAC (65cf287ce87683dedc712311dfa4c8bd)] -> xpath: //*[@id="deleteDocModal"]/div[2]/a[2]]]
15:06:15.045 INFO - Executing: [find elements: By.xpath: //*[@id="toast-container"]/div])
15:06:15.309 INFO - Done: [find elements: By.xpath: //*[@id="toast-container"]/div]
15:06:15.315 INFO - Executing: [is displayed: 27 [[ChromeDriver: chrome on MAC (65cf287ce87683dedc712311dfa4c8bd)] -> xpath: //*[@id="toast-container"]/div]])
15:06:15.521 INFO - Done: [is displayed: 27 [[ChromeDriver: chrome on MAC (65cf287ce87683dedc712311dfa4c8bd)] -> xpath: //*[@id="toast-container"]/div]]
15:06:15.529 INFO - Executing: [find element: By.xpath: //*[@id="toast-container"]/div])
15:06:15.553 INFO - Done: [find element: By.xpath: //*[@id="toast-container"]/div]
15:06:15.558 INFO - Executing: [get text: 27 [[ChromeDriver: chrome on MAC (65cf287ce87683dedc712311dfa4c8bd)] -> xpath: //*[@id="toast-container"]/div]])
15:06:15.598 INFO - Done: [get text: 27 [[ChromeDriver: chrome on MAC (65cf287ce87683dedc712311dfa4c8bd)] -> xpath: //*[@id="toast-container"]/div]]
15:06:15.603 INFO - Executing: [delete session: 2afb799e-331a-41b2-aa56-5d20dc55a582])
15:06:15.751 INFO - Done: [delete session: 2afb799e-331a-41b2-aa56-5d20dc55a582]
15:06:15.782 INFO - Executing: [new session: Capabilities [{acceptSslCerts=true, name=Search, browserName=chrome, javascriptEnabled=true, platform=ANY}]])
15:06:15.784 INFO - Creating a new session for Capabilities [{acceptSslCerts=true, name=Search, browserName=chrome, javascriptEnabled=true, platform=ANY}]
Starting ChromeDriver 2.30.477690 (c53f4ad87510ee97b5c3425a14c0e79780cdf262) on port 17696
Only local connections are allowed.
15:06:16.880 INFO - Detected dialect: OSS
15:06:16.883 INFO - Done: [new session: Capabilities [{acceptSslCerts=true, name=Search, browserName=chrome, javascriptEnabled=true, platform=ANY}]]
15:06:16.894 INFO - Executing: [get: http://localhost:3444/auth])
15:06:19.952 INFO - Done: [get: http://localhost:3444/auth]
15:06:19.961 INFO - Executing: [find elements: By.cssSelector: body])
15:06:19.991 INFO - Done: [find elements: By.cssSelector: body]
15:06:19.996 INFO - Executing: [is displayed: 0 [[ChromeDriver: chrome on MAC (5541cf1089b0757e80203e83c0ef001b)] -> css selector: body]])
15:06:20.028 INFO - Done: [is displayed: 0 [[ChromeDriver: chrome on MAC (5541cf1089b0757e80203e83c0ef001b)] -> css selector: body]]
15:06:20.034 INFO - Executing: [find element: By.cssSelector: input[id=username-sigin]])
15:06:20.064 INFO - Done: [find element: By.cssSelector: input[id=username-sigin]]
15:06:20.074 INFO - Executing: [send keys: 1 [[ChromeDriver: chrome on MAC (5541cf1089b0757e80203e83c0ef001b)] -> css selector: input[id=username-sigin]], [a, d, m, i, n]])
15:06:20.313 INFO - Done: [send keys: 1 [[ChromeDriver: chrome on MAC (5541cf1089b0757e80203e83c0ef001b)] -> css selector: input[id=username-sigin]], [a, d, m, i, n]]
15:06:20.320 INFO - Executing: [find element: By.cssSelector: input[id=password-signin]])
15:06:20.359 INFO - Done: [find element: By.cssSelector: input[id=password-signin]]
15:06:20.364 INFO - Executing: [send keys: 2 [[ChromeDriver: chrome on MAC (5541cf1089b0757e80203e83c0ef001b)] -> css selector: input[id=password-signin]], [p, a, s, s, w, o, r, d, 1, 2, 3]])
15:06:20.608 INFO - Done: [send keys: 2 [[ChromeDriver: chrome on MAC (5541cf1089b0757e80203e83c0ef001b)] -> css selector: input[id=password-signin]], [p, a, s, s, w, o, r, d, 1, 2, 3]]
15:06:20.613 INFO - Executing: [find element: By.cssSelector: button[name=sign-in]])
15:06:20.645 INFO - Done: [find element: By.cssSelector: button[name=sign-in]]
15:06:20.653 INFO - Executing: [click: 3 [[ChromeDriver: chrome on MAC (5541cf1089b0757e80203e83c0ef001b)] -> css selector: button[name=sign-in]]])
15:06:20.830 INFO - Done: [click: 3 [[ChromeDriver: chrome on MAC (5541cf1089b0757e80203e83c0ef001b)] -> css selector: button[name=sign-in]]]
15:06:20.836 INFO - Executing: [find elements: By.cssSelector: input[type=search]])
15:06:20.895 INFO - Done: [find elements: By.cssSelector: input[type=search]]
15:06:21.401 INFO - Executing: [find elements: By.cssSelector: input[type=search]])
15:06:21.605 INFO - Done: [find elements: By.cssSelector: input[type=search]]
15:06:21.611 INFO - Executing: [is displayed: 4 [[ChromeDriver: chrome on MAC (5541cf1089b0757e80203e83c0ef001b)] -> css selector: input[type=search]]])
15:06:21.632 INFO - Done: [is displayed: 4 [[ChromeDriver: chrome on MAC (5541cf1089b0757e80203e83c0ef001b)] -> css selector: input[type=search]]]
15:06:21.637 INFO - Executing: [get current url])
15:06:21.644 INFO - Done: [get current url]
15:06:21.652 INFO - Executing: [get: http://localhost:3444/auth])
15:06:23.400 INFO - Done: [get: http://localhost:3444/auth]
15:06:23.413 INFO - Executing: [find elements: By.cssSelector: body])
15:06:23.653 INFO - Done: [find elements: By.cssSelector: body]
15:06:23.663 INFO - Executing: [is displayed: 5 [[ChromeDriver: chrome on MAC (5541cf1089b0757e80203e83c0ef001b)] -> css selector: body]])
15:06:23.722 INFO - Done: [is displayed: 5 [[ChromeDriver: chrome on MAC (5541cf1089b0757e80203e83c0ef001b)] -> css selector: body]]
15:06:23.729 INFO - Executing: [find element: By.xpath: .//*[@id="search"]])
15:06:23.766 INFO - Done: [find element: By.xpath: .//*[@id="search"]]
15:06:23.771 INFO - Executing: [click: 6 [[ChromeDriver: chrome on MAC (5541cf1089b0757e80203e83c0ef001b)] -> xpath: .//*[@id="search"]]])
15:06:23.872 INFO - Done: [click: 6 [[ChromeDriver: chrome on MAC (5541cf1089b0757e80203e83c0ef001b)] -> xpath: .//*[@id="search"]]]
15:06:23.877 INFO - Executing: [find element: By.xpath: .//*[@id="search"]])
15:06:23.895 INFO - Done: [find element: By.xpath: .//*[@id="search"]]
15:06:23.904 INFO - Executing: [send keys: 6 [[ChromeDriver: chrome on MAC (5541cf1089b0757e80203e83c0ef001b)] -> xpath: .//*[@id="search"]], [t, h, i, s]])
15:06:24.052 INFO - Done: [send keys: 6 [[ChromeDriver: chrome on MAC (5541cf1089b0757e80203e83c0ef001b)] -> xpath: .//*[@id="search"]], [t, h, i, s]]
15:06:24.057 INFO - Executing: [find element: By.xpath: .//*[@id="search"]])
15:06:24.072 INFO - Done: [find element: By.xpath: .//*[@id="search"]]
15:06:24.080 INFO - Executing: [send keys: 6 [[ChromeDriver: chrome on MAC (5541cf1089b0757e80203e83c0ef001b)] -> xpath: .//*[@id="search"]], []])
15:06:24.213 INFO - Done: [send keys: 6 [[ChromeDriver: chrome on MAC (5541cf1089b0757e80203e83c0ef001b)] -> xpath: .//*[@id="search"]], []]
15:06:24.218 INFO - Executing: [find element: By.xpath: //*[@id="app"]/div/div/div[2]/div[1]/div[2]/div/a])
15:06:24.241 INFO - Done: [find element: By.xpath: //*[@id="app"]/div/div/div[2]/div[1]/div[2]/div/a]
15:06:24.248 INFO - Executing: [get text: 7 [[ChromeDriver: chrome on MAC (5541cf1089b0757e80203e83c0ef001b)] -> xpath: //*[@id="app"]/div/div/div[2]/div[1]/div[2]/div/a]])
15:06:24.272 INFO - Done: [get text: 7 [[ChromeDriver: chrome on MAC (5541cf1089b0757e80203e83c0ef001b)] -> xpath: //*[@id="app"]/div/div/div[2]/div[1]/div[2]/div/a]]
15:06:24.277 INFO - Executing: [delete session: 10a7d807-b587-4be4-9c06-384ce2044f92])
15:06:24.501 INFO - Done: [delete session: 10a7d807-b587-4be4-9c06-384ce2044f92]
15:06:24.522 INFO - Executing: [new session: Capabilities [{acceptSslCerts=true, name=Signin, browserName=chrome, javascriptEnabled=true, platform=ANY}]])
15:06:24.523 INFO - Creating a new session for Capabilities [{acceptSslCerts=true, name=Signin, browserName=chrome, javascriptEnabled=true, platform=ANY}]
Starting ChromeDriver 2.30.477690 (c53f4ad87510ee97b5c3425a14c0e79780cdf262) on port 34639
Only local connections are allowed.
15:06:25.739 INFO - Detected dialect: OSS
15:06:25.743 INFO - Done: [new session: Capabilities [{acceptSslCerts=true, name=Signin, browserName=chrome, javascriptEnabled=true, platform=ANY}]]
15:06:25.752 INFO - Executing: [get: http://localhost:3444/auth])
15:06:29.235 INFO - Done: [get: http://localhost:3444/auth]
15:06:29.242 INFO - Executing: [find elements: By.cssSelector: body])
15:06:29.270 INFO - Done: [find elements: By.cssSelector: body]
15:06:29.275 INFO - Executing: [is displayed: 0 [[ChromeDriver: chrome on MAC (3e923870234a2b778d21523d9cb1d41c)] -> css selector: body]])
15:06:29.295 INFO - Done: [is displayed: 0 [[ChromeDriver: chrome on MAC (3e923870234a2b778d21523d9cb1d41c)] -> css selector: body]]
15:06:29.302 INFO - Executing: [find element: By.cssSelector: input[id=username-sigin]])
15:06:29.329 INFO - Done: [find element: By.cssSelector: input[id=username-sigin]]
15:06:29.334 INFO - Executing: [send keys: 1 [[ChromeDriver: chrome on MAC (3e923870234a2b778d21523d9cb1d41c)] -> css selector: input[id=username-sigin]], []])
15:06:29.390 INFO - Done: [send keys: 1 [[ChromeDriver: chrome on MAC (3e923870234a2b778d21523d9cb1d41c)] -> css selector: input[id=username-sigin]], []]
15:06:29.394 INFO - Executing: [find element: By.cssSelector: input[id=password-signin]])
15:06:29.419 INFO - Done: [find element: By.cssSelector: input[id=password-signin]]
15:06:29.425 INFO - Executing: [send keys: 2 [[ChromeDriver: chrome on MAC (3e923870234a2b778d21523d9cb1d41c)] -> css selector: input[id=password-signin]], []])
15:06:29.484 INFO - Done: [send keys: 2 [[ChromeDriver: chrome on MAC (3e923870234a2b778d21523d9cb1d41c)] -> css selector: input[id=password-signin]], []]
15:06:29.489 INFO - Executing: [find element: By.cssSelector: button[name=sign-in]])
15:06:29.517 INFO - Done: [find element: By.cssSelector: button[name=sign-in]]
15:06:29.523 INFO - Executing: [click: 3 [[ChromeDriver: chrome on MAC (3e923870234a2b778d21523d9cb1d41c)] -> css selector: button[name=sign-in]]])
15:06:29.643 INFO - Done: [click: 3 [[ChromeDriver: chrome on MAC (3e923870234a2b778d21523d9cb1d41c)] -> css selector: button[name=sign-in]]]
15:06:29.650 INFO - Executing: [find element: By.cssSelector: #sigin-toggle])
15:06:29.677 INFO - Done: [find element: By.cssSelector: #sigin-toggle]
15:06:29.682 INFO - Executing: [get text: 4 [[ChromeDriver: chrome on MAC (3e923870234a2b778d21523d9cb1d41c)] -> css selector: #sigin-toggle]])
15:06:29.721 INFO - Done: [get text: 4 [[ChromeDriver: chrome on MAC (3e923870234a2b778d21523d9cb1d41c)] -> css selector: #sigin-toggle]]
15:06:29.727 INFO - Executing: [get current url])
15:06:29.739 INFO - Done: [get current url]
15:06:29.746 INFO - Executing: [get: http://localhost:3444/auth])
15:06:30.821 INFO - Done: [get: http://localhost:3444/auth]
15:06:30.827 INFO - Executing: [find elements: By.cssSelector: body])
15:06:30.848 INFO - Done: [find elements: By.cssSelector: body]
15:06:30.853 INFO - Executing: [is displayed: 5 [[ChromeDriver: chrome on MAC (3e923870234a2b778d21523d9cb1d41c)] -> css selector: body]])
15:06:30.880 INFO - Done: [is displayed: 5 [[ChromeDriver: chrome on MAC (3e923870234a2b778d21523d9cb1d41c)] -> css selector: body]]
15:06:30.884 INFO - Executing: [find element: By.cssSelector: input[id=username-sigin]])
15:06:30.893 INFO - Done: [find element: By.cssSelector: input[id=username-sigin]]
15:06:30.896 INFO - Executing: [send keys: 6 [[ChromeDriver: chrome on MAC (3e923870234a2b778d21523d9cb1d41c)] -> css selector: input[id=username-sigin]], [k, j, h, d, k, j, h, d, k, j, g, d]])
15:06:31.047 INFO - Done: [send keys: 6 [[ChromeDriver: chrome on MAC (3e923870234a2b778d21523d9cb1d41c)] -> css selector: input[id=username-sigin]], [k, j, h, d, k, j, h, d, k, j, g, d]]
15:06:31.053 INFO - Executing: [find element: By.cssSelector: input[id=password-signin]])
15:06:31.062 INFO - Done: [find element: By.cssSelector: input[id=password-signin]]
15:06:31.067 INFO - Executing: [send keys: 7 [[ChromeDriver: chrome on MAC (3e923870234a2b778d21523d9cb1d41c)] -> css selector: input[id=password-signin]], [n, o, t, h, i, n, g, p, a, s, s, w, o, r, d]])
15:06:31.239 INFO - Done: [send keys: 7 [[ChromeDriver: chrome on MAC (3e923870234a2b778d21523d9cb1d41c)] -> css selector: input[id=password-signin]], [n, o, t, h, i, n, g, p, a, s, s, w, o, r, d]]
15:06:31.243 INFO - Executing: [find element: By.cssSelector: button[name=sign-in]])
15:06:31.257 INFO - Done: [find element: By.cssSelector: button[name=sign-in]]
15:06:31.261 INFO - Executing: [click: 8 [[ChromeDriver: chrome on MAC (3e923870234a2b778d21523d9cb1d41c)] -> css selector: button[name=sign-in]]])
15:06:31.366 INFO - Done: [click: 8 [[ChromeDriver: chrome on MAC (3e923870234a2b778d21523d9cb1d41c)] -> css selector: button[name=sign-in]]]
15:06:31.375 INFO - Executing: [find element: By.xpath: //*[@id="app"]/div/div/div/div[1]/div[2]/form/div[4]])
15:06:31.432 INFO - Done: [find element: By.xpath: //*[@id="app"]/div/div/div/div[1]/div[2]/form/div[4]]
15:06:31.437 INFO - Executing: [get text: 9 [[ChromeDriver: chrome on MAC (3e923870234a2b778d21523d9cb1d41c)] -> xpath: //*[@id="app"]/div/div/div/div[1]/div[2]/form/div[4]]])
15:06:31.475 INFO - Done: [get text: 9 [[ChromeDriver: chrome on MAC (3e923870234a2b778d21523d9cb1d41c)] -> xpath: //*[@id="app"]/div/div/div/div[1]/div[2]/form/div[4]]]
15:06:31.482 INFO - Executing: [get: http://localhost:3444/auth])
15:06:31.885 INFO - Done: [get: http://localhost:3444/auth]
15:06:31.890 INFO - Executing: [find elements: By.cssSelector: body])
15:06:31.919 INFO - Done: [find elements: By.cssSelector: body]
15:06:31.923 INFO - Executing: [is displayed: 10 [[ChromeDriver: chrome on MAC (3e923870234a2b778d21523d9cb1d41c)] -> css selector: body]])
15:06:31.956 INFO - Done: [is displayed: 10 [[ChromeDriver: chrome on MAC (3e923870234a2b778d21523d9cb1d41c)] -> css selector: body]]
15:06:31.961 INFO - Executing: [find element: By.cssSelector: input[id=username-sigin]])
15:06:31.975 INFO - Done: [find element: By.cssSelector: input[id=username-sigin]]
15:06:31.984 INFO - Executing: [send keys: 11 [[ChromeDriver: chrome on MAC (3e923870234a2b778d21523d9cb1d41c)] -> css selector: input[id=username-sigin]], [a, d, m, i, n]])
15:06:32.092 INFO - Done: [send keys: 11 [[ChromeDriver: chrome on MAC (3e923870234a2b778d21523d9cb1d41c)] -> css selector: input[id=username-sigin]], [a, d, m, i, n]]
15:06:32.097 INFO - Executing: [find element: By.cssSelector: input[id=password-signin]])
15:06:32.112 INFO - Done: [find element: By.cssSelector: input[id=password-signin]]
15:06:32.116 INFO - Executing: [send keys: 12 [[ChromeDriver: chrome on MAC (3e923870234a2b778d21523d9cb1d41c)] -> css selector: input[id=password-signin]], [p, a, s, s, w, o, r, d, 1, 2, 3]])
15:06:32.266 INFO - Done: [send keys: 12 [[ChromeDriver: chrome on MAC (3e923870234a2b778d21523d9cb1d41c)] -> css selector: input[id=password-signin]], [p, a, s, s, w, o, r, d, 1, 2, 3]]
15:06:32.275 INFO - Executing: [find element: By.cssSelector: button[name=sign-in]])
15:06:32.284 INFO - Done: [find element: By.cssSelector: button[name=sign-in]]
15:06:32.294 INFO - Executing: [click: 13 [[ChromeDriver: chrome on MAC (3e923870234a2b778d21523d9cb1d41c)] -> css selector: button[name=sign-in]]])
15:06:32.377 INFO - Done: [click: 13 [[ChromeDriver: chrome on MAC (3e923870234a2b778d21523d9cb1d41c)] -> css selector: button[name=sign-in]]]
15:06:32.382 INFO - Executing: [find elements: By.cssSelector: input[type=search]])
15:06:32.399 INFO - Done: [find elements: By.cssSelector: input[type=search]]
15:06:32.907 INFO - Executing: [find elements: By.cssSelector: input[type=search]])
15:06:32.920 INFO - Done: [find elements: By.cssSelector: input[type=search]]
15:06:32.925 INFO - Executing: [is displayed: 14 [[ChromeDriver: chrome on MAC (3e923870234a2b778d21523d9cb1d41c)] -> css selector: input[type=search]]])
15:06:32.946 INFO - Done: [is displayed: 14 [[ChromeDriver: chrome on MAC (3e923870234a2b778d21523d9cb1d41c)] -> css selector: input[type=search]]]
15:06:32.950 INFO - Executing: [get current url])
15:06:32.956 INFO - Done: [get current url]
15:06:32.960 INFO - Executing: [delete session: 1015f0af-377b-46b1-94f3-95a07853f403])
15:06:33.107 INFO - Done: [delete session: 1015f0af-377b-46b1-94f3-95a07853f403]
15:06:33.121 INFO - Executing: [new session: Capabilities [{acceptSslCerts=true, name=Signup, browserName=chrome, javascriptEnabled=true, platform=ANY}]])
15:06:33.122 INFO - Creating a new session for Capabilities [{acceptSslCerts=true, name=Signup, browserName=chrome, javascriptEnabled=true, platform=ANY}]
Starting ChromeDriver 2.30.477690 (c53f4ad87510ee97b5c3425a14c0e79780cdf262) on port 11833
Only local connections are allowed.
15:06:34.119 INFO - Detected dialect: OSS
15:06:34.121 INFO - Done: [new session: Capabilities [{acceptSslCerts=true, name=Signup, browserName=chrome, javascriptEnabled=true, platform=ANY}]]
15:06:34.127 INFO - Executing: [get: http://localhost:3444/auth])
15:06:37.063 INFO - Done: [get: http://localhost:3444/auth]
15:06:37.073 INFO - Executing: [find elements: By.cssSelector: body])
15:06:37.100 INFO - Done: [find elements: By.cssSelector: body]
15:06:37.103 INFO - Executing: [is displayed: 0 [[ChromeDriver: chrome on MAC (8f2125bc57794ffd635f5d7a70450321)] -> css selector: body]])
15:06:37.120 INFO - Done: [is displayed: 0 [[ChromeDriver: chrome on MAC (8f2125bc57794ffd635f5d7a70450321)] -> css selector: body]]
15:06:37.124 INFO - Executing: [find element: By.cssSelector: #sigin-toggle])
15:06:37.143 INFO - Done: [find element: By.cssSelector: #sigin-toggle]
15:06:37.147 INFO - Executing: [click: 1 [[ChromeDriver: chrome on MAC (8f2125bc57794ffd635f5d7a70450321)] -> css selector: #sigin-toggle]])
15:06:37.215 INFO - Done: [click: 1 [[ChromeDriver: chrome on MAC (8f2125bc57794ffd635f5d7a70450321)] -> css selector: #sigin-toggle]]
15:06:37.223 INFO - Executing: [find element: By.cssSelector: input[name=firstname]])
15:06:37.247 INFO - Done: [find element: By.cssSelector: input[name=firstname]]
15:06:37.253 INFO - Executing: [send keys: 2 [[ChromeDriver: chrome on MAC (8f2125bc57794ffd635f5d7a70450321)] -> css selector: input[name=firstname]], []])
15:06:38.443 WARN - Exception thrown
org.openqa.selenium.ElementNotVisibleException: element not visible
  (Session info: chrome=58.0.3029.110)
  (Driver info: chromedriver=2.30.477690 (c53f4ad87510ee97b5c3425a14c0e79780cdf262),platform=Mac OS X 10.12.4 x86_64) (WARNING: The server did not provide any stacktrace information)
Command duration or timeout: 42 milliseconds
Build info: version: '3.3.1', revision: '5234b32', time: '2017-03-10 09:04:52 -0800'
System info: host: 'Andela-Jax.local', ip: '172.16.25.39', os.name: 'Mac OS X', os.arch: 'x86_64', os.version: '10.12.4', java.version: '1.8.0_131'
Driver info: org.openqa.selenium.chrome.ChromeDriver
Capabilities [{applicationCacheEnabled=false, rotatable=false, mobileEmulationEnabled=false, networkConnectionEnabled=false, chrome={chromedriverVersion=2.30.477690 (c53f4ad87510ee97b5c3425a14c0e79780cdf262), userDataDir=/var/folders/cq/7x155wyn4n913z09g3b32s4r0000gn/T/.org.chromium.Chromium.usNYBW}, takesHeapSnapshot=true, pageLoadStrategy=normal, databaseEnabled=false, handlesAlerts=true, hasTouchScreen=false, version=58.0.3029.110, platform=MAC, browserConnectionEnabled=false, nativeEvents=true, acceptSslCerts=true, locationContextEnabled=true, webStorageEnabled=true, browserName=chrome, takesScreenshot=true, javascriptEnabled=true, cssSelectorsEnabled=true, unexpectedAlertBehaviour=}]
Session ID: 8f2125bc57794ffd635f5d7a70450321
	at sun.reflect.NativeConstructorAccessorImpl.newInstance0(Native Method)
	at sun.reflect.NativeConstructorAccessorImpl.newInstance(NativeConstructorAccessorImpl.java:62)
	at sun.reflect.DelegatingConstructorAccessorImpl.newInstance(DelegatingConstructorAccessorImpl.java:45)
	at java.lang.reflect.Constructor.newInstance(Constructor.java:423)
	at org.openqa.selenium.remote.ErrorHandler.createThrowable(ErrorHandler.java:216)
	at org.openqa.selenium.remote.ErrorHandler.throwIfResponseFailed(ErrorHandler.java:168)
	at org.openqa.selenium.remote.RemoteWebDriver.execute(RemoteWebDriver.java:638)
	at org.openqa.selenium.remote.RemoteWebElement.execute(RemoteWebElement.java:274)
	at org.openqa.selenium.remote.RemoteWebElement.sendKeys(RemoteWebElement.java:98)
	at sun.reflect.GeneratedMethodAccessor13.invoke(Unknown Source)
	at sun.reflect.DelegatingMethodAccessorImpl.invoke(DelegatingMethodAccessorImpl.java:43)
	at java.lang.reflect.Method.invoke(Method.java:498)
	at org.openqa.selenium.support.events.EventFiringWebDriver$EventFiringWebElement$1.invoke(EventFiringWebDriver.java:332)
	at com.sun.proxy.$Proxy5.sendKeys(Unknown Source)
	at org.openqa.selenium.support.events.EventFiringWebDriver$EventFiringWebElement.sendKeys(EventFiringWebDriver.java:355)
	at sun.reflect.GeneratedMethodAccessor13.invoke(Unknown Source)
	at sun.reflect.DelegatingMethodAccessorImpl.invoke(DelegatingMethodAccessorImpl.java:43)
	at java.lang.reflect.Method.invoke(Method.java:498)
	at org.openqa.selenium.remote.server.KnownElements$1.invoke(KnownElements.java:64)
	at com.sun.proxy.$Proxy6.sendKeys(Unknown Source)
	at org.openqa.selenium.remote.server.handler.SendKeys.call(SendKeys.java:50)
	at org.openqa.selenium.remote.server.handler.SendKeys.call(SendKeys.java:29)
	at java.util.concurrent.FutureTask.run(FutureTask.java:266)
	at org.openqa.selenium.remote.server.DefaultSession$1.run(DefaultSession.java:176)
	at java.util.concurrent.ThreadPoolExecutor.runWorker(ThreadPoolExecutor.java:1142)
	at java.util.concurrent.ThreadPoolExecutor$Worker.run(ThreadPoolExecutor.java:617)
	at java.lang.Thread.run(Thread.java:748)
15:06:38.445 WARN - Exception: element not visible
  (Session info: chrome=58.0.3029.110)
  (Driver info: chromedriver=2.30.477690 (c53f4ad87510ee97b5c3425a14c0e79780cdf262),platform=Mac OS X 10.12.4 x86_64) (WARNING: The server did not provide any stacktrace information)
Command duration or timeout: 42 milliseconds
Build info: version: '3.3.1', revision: '5234b32', time: '2017-03-10 09:04:52 -0800'
System info: host: 'Andela-Jax.local', ip: '172.16.25.39', os.name: 'Mac OS X', os.arch: 'x86_64', os.version: '10.12.4', java.version: '1.8.0_131'
Driver info: org.openqa.selenium.chrome.ChromeDriver
Capabilities [{applicationCacheEnabled=false, rotatable=false, mobileEmulationEnabled=false, networkConnectionEnabled=false, chrome={chromedriverVersion=2.30.477690 (c53f4ad87510ee97b5c3425a14c0e79780cdf262), userDataDir=/var/folders/cq/7x155wyn4n913z09g3b32s4r0000gn/T/.org.chromium.Chromium.usNYBW}, takesHeapSnapshot=true, pageLoadStrategy=normal, databaseEnabled=false, handlesAlerts=true, hasTouchScreen=false, version=58.0.3029.110, platform=MAC, browserConnectionEnabled=false, nativeEvents=true, acceptSslCerts=true, locationContextEnabled=true, webStorageEnabled=true, browserName=chrome, takesScreenshot=true, javascriptEnabled=true, cssSelectorsEnabled=true, unexpectedAlertBehaviour=}]
Session ID: 8f2125bc57794ffd635f5d7a70450321
15:06:38.516 INFO - Executing: [find element: By.cssSelector: input[name=lastname]])
15:06:38.540 INFO - Done: [find element: By.cssSelector: input[name=lastname]]
15:06:38.546 INFO - Executing: [send keys: 3 [[ChromeDriver: chrome on MAC (8f2125bc57794ffd635f5d7a70450321)] -> css selector: input[name=lastname]], [p, a, u, l]])
15:06:38.790 INFO - Done: [send keys: 3 [[ChromeDriver: chrome on MAC (8f2125bc57794ffd635f5d7a70450321)] -> css selector: input[name=lastname]], [p, a, u, l]]
15:06:38.795 INFO - Executing: [find element: By.cssSelector: input[name=email]])
15:06:38.819 INFO - Done: [find element: By.cssSelector: input[name=email]]
15:06:38.824 INFO - Executing: [send keys: 4 [[ChromeDriver: chrome on MAC (8f2125bc57794ffd635f5d7a70450321)] -> css selector: input[name=email]], [p, a, u, l, @, p, g, b, a, ., c, o, m]])
15:06:39.613 INFO - Done: [send keys: 4 [[ChromeDriver: chrome on MAC (8f2125bc57794ffd635f5d7a70450321)] -> css selector: input[name=email]], [p, a, u, l, @, p, g, b, a, ., c, o, m]]
15:06:39.621 INFO - Executing: [find element: By.cssSelector: input[name=username]])
15:06:39.666 INFO - Done: [find element: By.cssSelector: input[name=username]]
15:06:39.671 INFO - Executing: [send keys: 5 [[ChromeDriver: chrome on MAC (8f2125bc57794ffd635f5d7a70450321)] -> css selector: input[name=username]], [p, a, u, l, p, o, g, b, a]])
15:06:40.081 INFO - Done: [send keys: 5 [[ChromeDriver: chrome on MAC (8f2125bc57794ffd635f5d7a70450321)] -> css selector: input[name=username]], [p, a, u, l, p, o, g, b, a]]
15:06:40.089 INFO - Executing: [find element: By.cssSelector: input[name=password]])
15:06:40.113 INFO - Done: [find element: By.cssSelector: input[name=password]]
15:06:40.121 INFO - Executing: [send keys: 6 [[ChromeDriver: chrome on MAC (8f2125bc57794ffd635f5d7a70450321)] -> css selector: input[name=password]], [p, a, s, s, w, o, r, d, 1, 2, 3]])
15:06:40.501 INFO - Done: [send keys: 6 [[ChromeDriver: chrome on MAC (8f2125bc57794ffd635f5d7a70450321)] -> css selector: input[name=password]], [p, a, s, s, w, o, r, d, 1, 2, 3]]
15:06:40.505 INFO - Executing: [find element: By.cssSelector: input[name=confirmPassword]])
15:06:40.529 INFO - Done: [find element: By.cssSelector: input[name=confirmPassword]]
15:06:40.534 INFO - Executing: [send keys: 7 [[ChromeDriver: chrome on MAC (8f2125bc57794ffd635f5d7a70450321)] -> css selector: input[name=confirmPassword]], [p, a, s, s, w, o, r, d, 1, 2, 3]])
15:06:40.947 INFO - Done: [send keys: 7 [[ChromeDriver: chrome on MAC (8f2125bc57794ffd635f5d7a70450321)] -> css selector: input[name=confirmPassword]], [p, a, s, s, w, o, r, d, 1, 2, 3]]
15:06:40.952 INFO - Executing: [find element: By.cssSelector: button[name=sign-up]])
15:06:40.973 INFO - Done: [find element: By.cssSelector: button[name=sign-up]]
15:06:40.976 INFO - Executing: [click: 8 [[ChromeDriver: chrome on MAC (8f2125bc57794ffd635f5d7a70450321)] -> css selector: button[name=sign-up]]])
15:06:41.045 INFO - Done: [click: 8 [[ChromeDriver: chrome on MAC (8f2125bc57794ffd635f5d7a70450321)] -> css selector: button[name=sign-up]]]
15:06:41.050 INFO - Executing: [find element: By.cssSelector: #sigin-toggle])
15:06:41.059 INFO - Done: [find element: By.cssSelector: #sigin-toggle]
15:06:41.062 INFO - Executing: [get text: 1 [[ChromeDriver: chrome on MAC (8f2125bc57794ffd635f5d7a70450321)] -> css selector: #sigin-toggle]])
15:06:41.085 INFO - Done: [get text: 1 [[ChromeDriver: chrome on MAC (8f2125bc57794ffd635f5d7a70450321)] -> css selector: #sigin-toggle]]
15:06:41.089 INFO - Executing: [get current url])
15:06:41.098 INFO - Done: [get current url]
15:06:41.106 INFO - Executing: [get: http://localhost:3444/auth])
15:06:42.068 INFO - Done: [get: http://localhost:3444/auth]
15:06:42.073 INFO - Executing: [find elements: By.cssSelector: body])
15:06:42.086 INFO - Done: [find elements: By.cssSelector: body]
15:06:42.089 INFO - Executing: [is displayed: 9 [[ChromeDriver: chrome on MAC (8f2125bc57794ffd635f5d7a70450321)] -> css selector: body]])
15:06:42.108 INFO - Done: [is displayed: 9 [[ChromeDriver: chrome on MAC (8f2125bc57794ffd635f5d7a70450321)] -> css selector: body]]
15:06:42.112 INFO - Executing: [find element: By.cssSelector: #sigin-toggle])
15:06:42.121 INFO - Done: [find element: By.cssSelector: #sigin-toggle]
15:06:42.125 INFO - Executing: [click: 10 [[ChromeDriver: chrome on MAC (8f2125bc57794ffd635f5d7a70450321)] -> css selector: #sigin-toggle]])
15:06:42.223 INFO - Done: [click: 10 [[ChromeDriver: chrome on MAC (8f2125bc57794ffd635f5d7a70450321)] -> css selector: #sigin-toggle]]
15:06:42.228 INFO - Executing: [find element: By.cssSelector: input[name=firstname]])
15:06:42.241 INFO - Done: [find element: By.cssSelector: input[name=firstname]]
15:06:42.246 INFO - Executing: [send keys: 11 [[ChromeDriver: chrome on MAC (8f2125bc57794ffd635f5d7a70450321)] -> css selector: input[name=firstname]], [p, a, u, l]])
15:06:42.522 INFO - Done: [send keys: 11 [[ChromeDriver: chrome on MAC (8f2125bc57794ffd635f5d7a70450321)] -> css selector: input[name=firstname]], [p, a, u, l]]
15:06:42.527 INFO - Executing: [find element: By.cssSelector: input[name=lastname]])
15:06:42.541 INFO - Done: [find element: By.cssSelector: input[name=lastname]]
15:06:42.545 INFO - Executing: [send keys: 12 [[ChromeDriver: chrome on MAC (8f2125bc57794ffd635f5d7a70450321)] -> css selector: input[name=lastname]], [p, o, g, b, a]])
15:06:42.704 INFO - Done: [send keys: 12 [[ChromeDriver: chrome on MAC (8f2125bc57794ffd635f5d7a70450321)] -> css selector: input[name=lastname]], [p, o, g, b, a]]
15:06:42.709 INFO - Executing: [find element: By.cssSelector: input[name=email]])
15:06:42.719 INFO - Done: [find element: By.cssSelector: input[name=email]]
15:06:42.722 INFO - Executing: [send keys: 13 [[ChromeDriver: chrome on MAC (8f2125bc57794ffd635f5d7a70450321)] -> css selector: input[name=email]], [p, a, u, l]])
15:06:42.894 INFO - Done: [send keys: 13 [[ChromeDriver: chrome on MAC (8f2125bc57794ffd635f5d7a70450321)] -> css selector: input[name=email]], [p, a, u, l]]
15:06:42.900 INFO - Executing: [find element: By.cssSelector: input[name=username]])
15:06:42.912 INFO - Done: [find element: By.cssSelector: input[name=username]]
15:06:42.923 INFO - Executing: [send keys: 14 [[ChromeDriver: chrome on MAC (8f2125bc57794ffd635f5d7a70450321)] -> css selector: input[name=username]], [p, a, u, l, p, o, g, b, a]])
15:06:43.226 INFO - Done: [send keys: 14 [[ChromeDriver: chrome on MAC (8f2125bc57794ffd635f5d7a70450321)] -> css selector: input[name=username]], [p, a, u, l, p, o, g, b, a]]
15:06:43.230 INFO - Executing: [find element: By.cssSelector: input[name=password]])
15:06:43.244 INFO - Done: [find element: By.cssSelector: input[name=password]]
15:06:43.248 INFO - Executing: [send keys: 15 [[ChromeDriver: chrome on MAC (8f2125bc57794ffd635f5d7a70450321)] -> css selector: input[name=password]], [p, a, s, s, w, o, r, d, 1, 2, 3]])
15:06:43.726 INFO - Done: [send keys: 15 [[ChromeDriver: chrome on MAC (8f2125bc57794ffd635f5d7a70450321)] -> css selector: input[name=password]], [p, a, s, s, w, o, r, d, 1, 2, 3]]
15:06:43.729 INFO - Executing: [find element: By.cssSelector: input[name=confirmPassword]])
15:06:43.749 INFO - Done: [find element: By.cssSelector: input[name=confirmPassword]]
15:06:43.753 INFO - Executing: [send keys: 16 [[ChromeDriver: chrome on MAC (8f2125bc57794ffd635f5d7a70450321)] -> css selector: input[name=confirmPassword]], [p, a, s, s, w, o, r, d, 1, 2, 3]])
15:06:44.047 INFO - Done: [send keys: 16 [[ChromeDriver: chrome on MAC (8f2125bc57794ffd635f5d7a70450321)] -> css selector: input[name=confirmPassword]], [p, a, s, s, w, o, r, d, 1, 2, 3]]
15:06:44.050 INFO - Executing: [find element: By.cssSelector: button[name=sign-up]])
15:06:44.071 INFO - Done: [find element: By.cssSelector: button[name=sign-up]]
15:06:44.074 INFO - Executing: [click: 17 [[ChromeDriver: chrome on MAC (8f2125bc57794ffd635f5d7a70450321)] -> css selector: button[name=sign-up]]])
15:06:44.140 INFO - Done: [click: 17 [[ChromeDriver: chrome on MAC (8f2125bc57794ffd635f5d7a70450321)] -> css selector: button[name=sign-up]]]
15:06:44.144 INFO - Executing: [find element: By.xpath: //*[@id="sign-up"]/div[2]/div[1]/span])
15:06:44.168 INFO - Done: [find element: By.xpath: //*[@id="sign-up"]/div[2]/div[1]/span]
15:06:44.172 INFO - Executing: [get text: 18 [[ChromeDriver: chrome on MAC (8f2125bc57794ffd635f5d7a70450321)] -> xpath: //*[@id="sign-up"]/div[2]/div[1]/span]])
15:06:44.199 INFO - Done: [get text: 18 [[ChromeDriver: chrome on MAC (8f2125bc57794ffd635f5d7a70450321)] -> xpath: //*[@id="sign-up"]/div[2]/div[1]/span]]
15:06:44.208 INFO - Executing: [get: http://localhost:3444/auth])
15:06:44.885 INFO - Done: [get: http://localhost:3444/auth]
15:06:44.890 INFO - Executing: [find elements: By.cssSelector: body])
15:06:44.906 INFO - Done: [find elements: By.cssSelector: body]
15:06:44.909 INFO - Executing: [is displayed: 19 [[ChromeDriver: chrome on MAC (8f2125bc57794ffd635f5d7a70450321)] -> css selector: body]])
15:06:44.925 INFO - Done: [is displayed: 19 [[ChromeDriver: chrome on MAC (8f2125bc57794ffd635f5d7a70450321)] -> css selector: body]]
15:06:44.929 INFO - Executing: [find element: By.cssSelector: #sigin-toggle])
15:06:44.937 INFO - Done: [find element: By.cssSelector: #sigin-toggle]
15:06:44.940 INFO - Executing: [click: 20 [[ChromeDriver: chrome on MAC (8f2125bc57794ffd635f5d7a70450321)] -> css selector: #sigin-toggle]])
15:06:45.013 INFO - Done: [click: 20 [[ChromeDriver: chrome on MAC (8f2125bc57794ffd635f5d7a70450321)] -> css selector: #sigin-toggle]]
15:06:45.018 INFO - Executing: [find element: By.cssSelector: input[name=firstname]])
15:06:45.028 INFO - Done: [find element: By.cssSelector: input[name=firstname]]
15:06:45.035 INFO - Executing: [send keys: 21 [[ChromeDriver: chrome on MAC (8f2125bc57794ffd635f5d7a70450321)] -> css selector: input[name=firstname]], [p, a, u, l]])
15:06:45.177 INFO - Done: [send keys: 21 [[ChromeDriver: chrome on MAC (8f2125bc57794ffd635f5d7a70450321)] -> css selector: input[name=firstname]], [p, a, u, l]]
15:06:45.182 INFO - Executing: [find element: By.cssSelector: input[name=lastname]])
15:06:45.220 INFO - Done: [find element: By.cssSelector: input[name=lastname]]
15:06:45.225 INFO - Executing: [send keys: 22 [[ChromeDriver: chrome on MAC (8f2125bc57794ffd635f5d7a70450321)] -> css selector: input[name=lastname]], [p, o, g, b, a]])
15:06:45.363 INFO - Done: [send keys: 22 [[ChromeDriver: chrome on MAC (8f2125bc57794ffd635f5d7a70450321)] -> css selector: input[name=lastname]], [p, o, g, b, a]]
15:06:45.368 INFO - Executing: [find element: By.cssSelector: input[name=email]])
15:06:45.389 INFO - Done: [find element: By.cssSelector: input[name=email]]
15:06:45.397 INFO - Executing: [send keys: 23 [[ChromeDriver: chrome on MAC (8f2125bc57794ffd635f5d7a70450321)] -> css selector: input[name=email]], [p, a, u, l, @, p, o, g, b, a, ., c, o, m]])
15:06:45.903 INFO - Done: [send keys: 23 [[ChromeDriver: chrome on MAC (8f2125bc57794ffd635f5d7a70450321)] -> css selector: input[name=email]], [p, a, u, l, @, p, o, g, b, a, ., c, o, m]]
15:06:45.907 INFO - Executing: [find element: By.cssSelector: input[name=username]])
15:06:45.927 INFO - Done: [find element: By.cssSelector: input[name=username]]
15:06:45.931 INFO - Executing: [send keys: 24 [[ChromeDriver: chrome on MAC (8f2125bc57794ffd635f5d7a70450321)] -> css selector: input[name=username]], [p, a, u, l, p, o, g, b, a]])
15:06:46.161 INFO - Done: [send keys: 24 [[ChromeDriver: chrome on MAC (8f2125bc57794ffd635f5d7a70450321)] -> css selector: input[name=username]], [p, a, u, l, p, o, g, b, a]]
15:06:46.167 INFO - Executing: [find element: By.cssSelector: input[name=password]])
15:06:46.187 INFO - Done: [find element: By.cssSelector: input[name=password]]
15:06:46.191 INFO - Executing: [send keys: 25 [[ChromeDriver: chrome on MAC (8f2125bc57794ffd635f5d7a70450321)] -> css selector: input[name=password]], [p, a, s, s]])
15:06:46.362 INFO - Done: [send keys: 25 [[ChromeDriver: chrome on MAC (8f2125bc57794ffd635f5d7a70450321)] -> css selector: input[name=password]], [p, a, s, s]]
15:06:46.366 INFO - Executing: [find element: By.cssSelector: input[name=confirmPassword]])
15:06:46.375 INFO - Done: [find element: By.cssSelector: input[name=confirmPassword]]
15:06:46.379 INFO - Executing: [send keys: 26 [[ChromeDriver: chrome on MAC (8f2125bc57794ffd635f5d7a70450321)] -> css selector: input[name=confirmPassword]], [p, a, s, s, w, o, r, d, 1, 2, 3]])
15:06:46.816 INFO - Done: [send keys: 26 [[ChromeDriver: chrome on MAC (8f2125bc57794ffd635f5d7a70450321)] -> css selector: input[name=confirmPassword]], [p, a, s, s, w, o, r, d, 1, 2, 3]]
15:06:46.821 INFO - Executing: [find element: By.cssSelector: button[name=sign-up]])
15:06:46.841 INFO - Done: [find element: By.cssSelector: button[name=sign-up]]
15:06:46.844 INFO - Executing: [click: 27 [[ChromeDriver: chrome on MAC (8f2125bc57794ffd635f5d7a70450321)] -> css selector: button[name=sign-up]]])
15:06:46.906 INFO - Done: [click: 27 [[ChromeDriver: chrome on MAC (8f2125bc57794ffd635f5d7a70450321)] -> css selector: button[name=sign-up]]]
15:06:46.910 INFO - Executing: [find element: By.xpath: //*[@id="sign-up"]/div[3]/div[2]/span])
15:06:46.930 INFO - Done: [find element: By.xpath: //*[@id="sign-up"]/div[3]/div[2]/span]
15:06:46.934 INFO - Executing: [get text: 28 [[ChromeDriver: chrome on MAC (8f2125bc57794ffd635f5d7a70450321)] -> xpath: //*[@id="sign-up"]/div[3]/div[2]/span]])
15:06:46.957 INFO - Done: [get text: 28 [[ChromeDriver: chrome on MAC (8f2125bc57794ffd635f5d7a70450321)] -> xpath: //*[@id="sign-up"]/div[3]/div[2]/span]]
15:06:46.964 INFO - Executing: [get: http://localhost:3444/auth])
15:06:47.715 INFO - Done: [get: http://localhost:3444/auth]
15:06:47.721 INFO - Executing: [find elements: By.cssSelector: body])
15:06:47.744 INFO - Done: [find elements: By.cssSelector: body]
15:06:47.747 INFO - Executing: [is displayed: 29 [[ChromeDriver: chrome on MAC (8f2125bc57794ffd635f5d7a70450321)] -> css selector: body]])
15:06:47.767 INFO - Done: [is displayed: 29 [[ChromeDriver: chrome on MAC (8f2125bc57794ffd635f5d7a70450321)] -> css selector: body]]
15:06:47.771 INFO - Executing: [find element: By.cssSelector: #sigin-toggle])
15:06:47.807 INFO - Done: [find element: By.cssSelector: #sigin-toggle]
15:06:47.811 INFO - Executing: [click: 30 [[ChromeDriver: chrome on MAC (8f2125bc57794ffd635f5d7a70450321)] -> css selector: #sigin-toggle]])
15:06:47.886 INFO - Done: [click: 30 [[ChromeDriver: chrome on MAC (8f2125bc57794ffd635f5d7a70450321)] -> css selector: #sigin-toggle]]
15:06:47.890 INFO - Executing: [find element: By.cssSelector: input[name=firstname]])
15:06:47.914 INFO - Done: [find element: By.cssSelector: input[name=firstname]]
15:06:47.918 INFO - Executing: [send keys: 31 [[ChromeDriver: chrome on MAC (8f2125bc57794ffd635f5d7a70450321)] -> css selector: input[name=firstname]], [p, a, u, l]])
15:06:48.049 INFO - Done: [send keys: 31 [[ChromeDriver: chrome on MAC (8f2125bc57794ffd635f5d7a70450321)] -> css selector: input[name=firstname]], [p, a, u, l]]
15:06:48.056 INFO - Executing: [find element: By.cssSelector: input[name=lastname]])
15:06:48.105 INFO - Done: [find element: By.cssSelector: input[name=lastname]]
15:06:48.110 INFO - Executing: [send keys: 32 [[ChromeDriver: chrome on MAC (8f2125bc57794ffd635f5d7a70450321)] -> css selector: input[name=lastname]], [p, o, g, b, a]])
15:06:48.443 INFO - Done: [send keys: 32 [[ChromeDriver: chrome on MAC (8f2125bc57794ffd635f5d7a70450321)] -> css selector: input[name=lastname]], [p, o, g, b, a]]
15:06:48.448 INFO - Executing: [find element: By.cssSelector: input[name=email]])
15:06:48.518 INFO - Done: [find element: By.cssSelector: input[name=email]]
15:06:48.524 INFO - Executing: [send keys: 33 [[ChromeDriver: chrome on MAC (8f2125bc57794ffd635f5d7a70450321)] -> css selector: input[name=email]], [p, a, u, l, @, p, o, g, b, a, ., c, o, m]])
15:06:49.237 INFO - Done: [send keys: 33 [[ChromeDriver: chrome on MAC (8f2125bc57794ffd635f5d7a70450321)] -> css selector: input[name=email]], [p, a, u, l, @, p, o, g, b, a, ., c, o, m]]
15:06:49.241 INFO - Executing: [find element: By.cssSelector: input[name=username]])
15:06:49.261 INFO - Done: [find element: By.cssSelector: input[name=username]]
15:06:49.265 INFO - Executing: [send keys: 34 [[ChromeDriver: chrome on MAC (8f2125bc57794ffd635f5d7a70450321)] -> css selector: input[name=username]], [p, a, u, l, p, o, g, b, a]])
15:06:49.480 INFO - Done: [send keys: 34 [[ChromeDriver: chrome on MAC (8f2125bc57794ffd635f5d7a70450321)] -> css selector: input[name=username]], [p, a, u, l, p, o, g, b, a]]
15:06:49.483 INFO - Executing: [find element: By.cssSelector: input[name=password]])
15:06:49.505 INFO - Done: [find element: By.cssSelector: input[name=password]]
15:06:49.513 INFO - Executing: [send keys: 35 [[ChromeDriver: chrome on MAC (8f2125bc57794ffd635f5d7a70450321)] -> css selector: input[name=password]], [p, a, s, s, w, o, r, d, 1, 2, 3]])
15:06:49.964 INFO - Done: [send keys: 35 [[ChromeDriver: chrome on MAC (8f2125bc57794ffd635f5d7a70450321)] -> css selector: input[name=password]], [p, a, s, s, w, o, r, d, 1, 2, 3]]
15:06:49.968 INFO - Executing: [find element: By.cssSelector: input[name=confirmPassword]])
15:06:49.989 INFO - Done: [find element: By.cssSelector: input[name=confirmPassword]]
15:06:49.994 INFO - Executing: [send keys: 36 [[ChromeDriver: chrome on MAC (8f2125bc57794ffd635f5d7a70450321)] -> css selector: input[name=confirmPassword]], [p, a, s, s, w, o, r, d]])
15:06:50.231 INFO - Done: [send keys: 36 [[ChromeDriver: chrome on MAC (8f2125bc57794ffd635f5d7a70450321)] -> css selector: input[name=confirmPassword]], [p, a, s, s, w, o, r, d]]
15:06:50.234 INFO - Executing: [find element: By.cssSelector: button[name=sign-up]])
15:06:50.253 INFO - Done: [find element: By.cssSelector: button[name=sign-up]]
15:06:50.256 INFO - Executing: [click: 37 [[ChromeDriver: chrome on MAC (8f2125bc57794ffd635f5d7a70450321)] -> css selector: button[name=sign-up]]])
15:06:50.320 INFO - Done: [click: 37 [[ChromeDriver: chrome on MAC (8f2125bc57794ffd635f5d7a70450321)] -> css selector: button[name=sign-up]]]
15:06:50.324 INFO - Executing: [find element: By.xpath: //*[@id="sign-up"]/div[4]/div/span])
15:06:50.345 INFO - Done: [find element: By.xpath: //*[@id="sign-up"]/div[4]/div/span]
15:06:50.350 INFO - Executing: [get text: 38 [[ChromeDriver: chrome on MAC (8f2125bc57794ffd635f5d7a70450321)] -> xpath: //*[@id="sign-up"]/div[4]/div/span]])
15:06:50.375 INFO - Done: [get text: 38 [[ChromeDriver: chrome on MAC (8f2125bc57794ffd635f5d7a70450321)] -> xpath: //*[@id="sign-up"]/div[4]/div/span]]
15:06:50.382 INFO - Executing: [get: http://localhost:3444/auth])
15:06:51.118 INFO - Done: [get: http://localhost:3444/auth]
15:06:51.126 INFO - Executing: [find elements: By.cssSelector: body])
15:06:51.164 INFO - Done: [find elements: By.cssSelector: body]
15:06:51.168 INFO - Executing: [is displayed: 39 [[ChromeDriver: chrome on MAC (8f2125bc57794ffd635f5d7a70450321)] -> css selector: body]])
15:06:51.184 INFO - Done: [is displayed: 39 [[ChromeDriver: chrome on MAC (8f2125bc57794ffd635f5d7a70450321)] -> css selector: body]]
15:06:51.188 INFO - Executing: [find element: By.cssSelector: #sigin-toggle])
15:06:51.206 INFO - Done: [find element: By.cssSelector: #sigin-toggle]
15:06:51.209 INFO - Executing: [click: 40 [[ChromeDriver: chrome on MAC (8f2125bc57794ffd635f5d7a70450321)] -> css selector: #sigin-toggle]])
15:06:51.270 INFO - Done: [click: 40 [[ChromeDriver: chrome on MAC (8f2125bc57794ffd635f5d7a70450321)] -> css selector: #sigin-toggle]]
15:06:51.273 INFO - Executing: [find element: By.cssSelector: input[name=firstname]])
15:06:51.292 INFO - Done: [find element: By.cssSelector: input[name=firstname]]
15:06:51.295 INFO - Executing: [send keys: 41 [[ChromeDriver: chrome on MAC (8f2125bc57794ffd635f5d7a70450321)] -> css selector: input[name=firstname]], [p, a, u, l]])
15:06:51.407 INFO - Done: [send keys: 41 [[ChromeDriver: chrome on MAC (8f2125bc57794ffd635f5d7a70450321)] -> css selector: input[name=firstname]], [p, a, u, l]]
15:06:51.411 INFO - Executing: [find element: By.cssSelector: input[name=lastname]])
15:06:51.429 INFO - Done: [find element: By.cssSelector: input[name=lastname]]
15:06:51.432 INFO - Executing: [send keys: 42 [[ChromeDriver: chrome on MAC (8f2125bc57794ffd635f5d7a70450321)] -> css selector: input[name=lastname]], [p, o, g, b, a]])
15:06:51.559 INFO - Done: [send keys: 42 [[ChromeDriver: chrome on MAC (8f2125bc57794ffd635f5d7a70450321)] -> css selector: input[name=lastname]], [p, o, g, b, a]]
15:06:51.564 INFO - Executing: [find element: By.cssSelector: input[name=email]])
15:06:51.587 INFO - Done: [find element: By.cssSelector: input[name=email]]
15:06:51.590 INFO - Executing: [send keys: 43 [[ChromeDriver: chrome on MAC (8f2125bc57794ffd635f5d7a70450321)] -> css selector: input[name=email]], [R, e, e, c, e, ., M, c, L, a, u, g, h, l, i, n, @, g, m, a, i, l, ., c, o, m]])
15:06:52.631 INFO - Done: [send keys: 43 [[ChromeDriver: chrome on MAC (8f2125bc57794ffd635f5d7a70450321)] -> css selector: input[name=email]], [R, e, e, c, e, ., M, c, L, a, u, g, h, l, i, n, @, g, m, a, i, l, ., c, o, m]]
15:06:52.657 INFO - Executing: [find element: By.cssSelector: input[name=firstname]])
15:06:52.667 INFO - Done: [find element: By.cssSelector: input[name=firstname]]
15:06:52.677 INFO - Executing: [send keys: 41 [[ChromeDriver: chrome on MAC (8f2125bc57794ffd635f5d7a70450321)] -> css selector: input[name=firstname]], [p, a, u, l]])
15:06:52.766 INFO - Done: [send keys: 41 [[ChromeDriver: chrome on MAC (8f2125bc57794ffd635f5d7a70450321)] -> css selector: input[name=firstname]], [p, a, u, l]]
15:06:52.770 INFO - Executing: [find element: By.cssSelector: input[name=username]])
15:06:52.789 INFO - Done: [find element: By.cssSelector: input[name=username]]
15:06:52.792 INFO - Executing: [send keys: 44 [[ChromeDriver: chrome on MAC (8f2125bc57794ffd635f5d7a70450321)] -> css selector: input[name=username]], [J, e, r, a, m, y, ., R, e, m, p, e, l]])
15:06:53.046 INFO - Done: [send keys: 44 [[ChromeDriver: chrome on MAC (8f2125bc57794ffd635f5d7a70450321)] -> css selector: input[name=username]], [J, e, r, a, m, y, ., R, e, m, p, e, l]]
15:06:53.050 INFO - Executing: [find element: By.cssSelector: input[name=password]])
15:06:53.070 INFO - Done: [find element: By.cssSelector: input[name=password]]
15:06:53.073 INFO - Executing: [send keys: 45 [[ChromeDriver: chrome on MAC (8f2125bc57794ffd635f5d7a70450321)] -> css selector: input[name=password]], [p, a, s, s, w, o, r, d, 1, 2, 3]])
15:06:53.392 INFO - Done: [send keys: 45 [[ChromeDriver: chrome on MAC (8f2125bc57794ffd635f5d7a70450321)] -> css selector: input[name=password]], [p, a, s, s, w, o, r, d, 1, 2, 3]]
15:06:53.396 INFO - Executing: [find element: By.cssSelector: input[name=lastname]])
15:06:53.404 INFO - Done: [find element: By.cssSelector: input[name=lastname]]
15:06:53.409 INFO - Executing: [send keys: 42 [[ChromeDriver: chrome on MAC (8f2125bc57794ffd635f5d7a70450321)] -> css selector: input[name=lastname]], [p, o, g, b, a]])
15:06:53.501 INFO - Done: [send keys: 42 [[ChromeDriver: chrome on MAC (8f2125bc57794ffd635f5d7a70450321)] -> css selector: input[name=lastname]], [p, o, g, b, a]]
15:06:53.504 INFO - Executing: [find element: By.cssSelector: input[name=confirmPassword]])
15:06:53.523 INFO - Done: [find element: By.cssSelector: input[name=confirmPassword]]
15:06:53.527 INFO - Executing: [send keys: 46 [[ChromeDriver: chrome on MAC (8f2125bc57794ffd635f5d7a70450321)] -> css selector: input[name=confirmPassword]], [p, a, s, s, w, o, r, d, 1, 2, 3]])
15:06:53.830 INFO - Done: [send keys: 46 [[ChromeDriver: chrome on MAC (8f2125bc57794ffd635f5d7a70450321)] -> css selector: input[name=confirmPassword]], [p, a, s, s, w, o, r, d, 1, 2, 3]]
15:06:53.833 INFO - Executing: [find element: By.cssSelector: button[name=sign-up]])
15:06:53.851 INFO - Done: [find element: By.cssSelector: button[name=sign-up]]
15:06:53.855 INFO - Executing: [click: 47 [[ChromeDriver: chrome on MAC (8f2125bc57794ffd635f5d7a70450321)] -> css selector: button[name=sign-up]]])
15:06:53.919 INFO - Done: [click: 47 [[ChromeDriver: chrome on MAC (8f2125bc57794ffd635f5d7a70450321)] -> css selector: button[name=sign-up]]]
15:06:53.923 INFO - Executing: [find elements: By.xpath: //*[@id="search"]])
15:06:53.942 INFO - Done: [find elements: By.xpath: //*[@id="search"]]
15:06:54.447 INFO - Executing: [find elements: By.xpath: //*[@id="search"]])
15:06:54.557 INFO - Done: [find elements: By.xpath: //*[@id="search"]]
15:06:54.562 INFO - Executing: [is displayed: 48 [[ChromeDriver: chrome on MAC (8f2125bc57794ffd635f5d7a70450321)] -> xpath: //*[@id="search"]]])
15:06:54.601 INFO - Done: [is displayed: 48 [[ChromeDriver: chrome on MAC (8f2125bc57794ffd635f5d7a70450321)] -> xpath: //*[@id="search"]]]
15:06:54.606 INFO - Executing: [get current url])
15:06:54.613 INFO - Done: [get current url]
15:06:54.618 INFO - Executing: [delete session: 80ee5078-841c-4c80-ad2f-daec9dcfb2ea])
15:06:54.756 INFO - Done: [delete session: 80ee5078-841c-4c80-ad2f-daec9dcfb2ea]
15:06:54.771 INFO - Executing: [new session: Capabilities [{acceptSslCerts=true, name=Users, browserName=chrome, javascriptEnabled=true, platform=ANY}]])
15:06:54.773 INFO - Creating a new session for Capabilities [{acceptSslCerts=true, name=Users, browserName=chrome, javascriptEnabled=true, platform=ANY}]
Starting ChromeDriver 2.30.477690 (c53f4ad87510ee97b5c3425a14c0e79780cdf262) on port 14957
Only local connections are allowed.
15:06:55.812 INFO - Detected dialect: OSS
15:06:55.814 INFO - Done: [new session: Capabilities [{acceptSslCerts=true, name=Users, browserName=chrome, javascriptEnabled=true, platform=ANY}]]
15:06:55.823 INFO - Executing: [get: http://localhost:3444/auth])
15:06:58.790 INFO - Done: [get: http://localhost:3444/auth]
15:06:58.816 INFO - Executing: [find elements: By.cssSelector: body])
15:06:58.837 INFO - Done: [find elements: By.cssSelector: body]
15:06:58.842 INFO - Executing: [is displayed: 0 [[ChromeDriver: chrome on MAC (e7f44a90f9d40eaa925d47021c57ca45)] -> css selector: body]])
15:06:58.860 INFO - Done: [is displayed: 0 [[ChromeDriver: chrome on MAC (e7f44a90f9d40eaa925d47021c57ca45)] -> css selector: body]]
15:06:58.867 INFO - Executing: [find element: By.cssSelector: input[id=username-sigin]])
15:06:58.892 INFO - Done: [find element: By.cssSelector: input[id=username-sigin]]
15:06:58.898 INFO - Executing: [send keys: 1 [[ChromeDriver: chrome on MAC (e7f44a90f9d40eaa925d47021c57ca45)] -> css selector: input[id=username-sigin]], [a, d, m, i, n]])
15:06:59.100 INFO - Done: [send keys: 1 [[ChromeDriver: chrome on MAC (e7f44a90f9d40eaa925d47021c57ca45)] -> css selector: input[id=username-sigin]], [a, d, m, i, n]]
15:06:59.108 INFO - Executing: [find element: By.cssSelector: input[id=password-signin]])
15:06:59.164 INFO - Done: [find element: By.cssSelector: input[id=password-signin]]
15:06:59.169 INFO - Executing: [send keys: 2 [[ChromeDriver: chrome on MAC (e7f44a90f9d40eaa925d47021c57ca45)] -> css selector: input[id=password-signin]], [p, a, s, s, w, o, r, d, 1, 2, 3]])
15:06:59.518 INFO - Done: [send keys: 2 [[ChromeDriver: chrome on MAC (e7f44a90f9d40eaa925d47021c57ca45)] -> css selector: input[id=password-signin]], [p, a, s, s, w, o, r, d, 1, 2, 3]]
15:06:59.525 INFO - Executing: [find element: By.cssSelector: button[name=sign-in]])
15:06:59.553 INFO - Done: [find element: By.cssSelector: button[name=sign-in]]
15:06:59.565 INFO - Executing: [click: 3 [[ChromeDriver: chrome on MAC (e7f44a90f9d40eaa925d47021c57ca45)] -> css selector: button[name=sign-in]]])
15:06:59.698 INFO - Done: [click: 3 [[ChromeDriver: chrome on MAC (e7f44a90f9d40eaa925d47021c57ca45)] -> css selector: button[name=sign-in]]]
15:06:59.711 INFO - Executing: [find elements: By.cssSelector: input[type=search]])
15:06:59.794 INFO - Done: [find elements: By.cssSelector: input[type=search]]
15:07:00.300 INFO - Executing: [find elements: By.cssSelector: input[type=search]])
15:07:00.353 INFO - Done: [find elements: By.cssSelector: input[type=search]]
15:07:00.357 INFO - Executing: [is displayed: 4 [[ChromeDriver: chrome on MAC (e7f44a90f9d40eaa925d47021c57ca45)] -> css selector: input[type=search]]])
15:07:00.418 INFO - Done: [is displayed: 4 [[ChromeDriver: chrome on MAC (e7f44a90f9d40eaa925d47021c57ca45)] -> css selector: input[type=search]]]
15:07:00.424 INFO - Executing: [get current url])
15:07:00.451 INFO - Done: [get current url]
15:07:00.457 INFO - Executing: [get: http://localhost:3444/user])
15:07:01.618 INFO - Done: [get: http://localhost:3444/user]
15:07:01.632 INFO - Executing: [find element: By.cssSelector: .e2edeleteu])
15:07:01.748 INFO - Done: [find element: By.cssSelector: .e2edeleteu]
15:07:01.751 INFO - Executing: [click: 5 [[ChromeDriver: chrome on MAC (e7f44a90f9d40eaa925d47021c57ca45)] -> css selector: .e2edeleteu]])
15:07:01.882 INFO - Done: [click: 5 [[ChromeDriver: chrome on MAC (e7f44a90f9d40eaa925d47021c57ca45)] -> css selector: .e2edeleteu]]
15:07:02.888 INFO - Executing: [find element: By.xpath: //*[@id="deleteDocModal"]/div[2]/a[2]])
15:07:02.915 INFO - Done: [find element: By.xpath: //*[@id="deleteDocModal"]/div[2]/a[2]]
15:07:02.919 INFO - Executing: [click: 6 [[ChromeDriver: chrome on MAC (e7f44a90f9d40eaa925d47021c57ca45)] -> xpath: //*[@id="deleteDocModal"]/div[2]/a[2]]])
15:07:03.002 INFO - Done: [click: 6 [[ChromeDriver: chrome on MAC (e7f44a90f9d40eaa925d47021c57ca45)] -> xpath: //*[@id="deleteDocModal"]/div[2]/a[2]]]
15:07:03.009 INFO - Executing: [find elements: By.xpath: //*[@id="toast-container"]/div])
15:07:03.176 INFO - Done: [find elements: By.xpath: //*[@id="toast-container"]/div]
15:07:03.689 INFO - Executing: [find elements: By.xpath: //*[@id="toast-container"]/div])
15:07:03.702 INFO - Done: [find elements: By.xpath: //*[@id="toast-container"]/div]
15:07:03.705 INFO - Executing: [is displayed: 7 [[ChromeDriver: chrome on MAC (e7f44a90f9d40eaa925d47021c57ca45)] -> xpath: //*[@id="toast-container"]/div]])
15:07:03.732 INFO - Done: [is displayed: 7 [[ChromeDriver: chrome on MAC (e7f44a90f9d40eaa925d47021c57ca45)] -> xpath: //*[@id="toast-container"]/div]]
15:07:03.740 INFO - Executing: [find element: By.xpath: //*[@id="toast-container"]/div])
15:07:03.763 INFO - Done: [find element: By.xpath: //*[@id="toast-container"]/div]
15:07:03.767 INFO - Executing: [get text: 7 [[ChromeDriver: chrome on MAC (e7f44a90f9d40eaa925d47021c57ca45)] -> xpath: //*[@id="toast-container"]/div]])
15:07:03.798 INFO - Done: [get text: 7 [[ChromeDriver: chrome on MAC (e7f44a90f9d40eaa925d47021c57ca45)] -> xpath: //*[@id="toast-container"]/div]]
15:07:03.831 INFO - Executing: [get: http://localhost:3444/user])
15:07:04.524 INFO - Done: [get: http://localhost:3444/user]
15:07:04.533 INFO - Executing: [find element: By.xpath: //*[@id="app"]/div/div/div[2]/div[1]/div[2]/div[3]/div[2]/a/i])
15:07:04.580 INFO - Done: [find element: By.xpath: //*[@id="app"]/div/div/div[2]/div[1]/div[2]/div[3]/div[2]/a/i]
15:07:04.585 INFO - Executing: [click: 8 [[ChromeDriver: chrome on MAC (e7f44a90f9d40eaa925d47021c57ca45)] -> xpath: //*[@id="app"]/div/div/div[2]/div[1]/div[2]/div[3]/div[2]/a/i]])
15:07:04.741 INFO - Done: [click: 8 [[ChromeDriver: chrome on MAC (e7f44a90f9d40eaa925d47021c57ca45)] -> xpath: //*[@id="app"]/div/div/div[2]/div[1]/div[2]/div[3]/div[2]/a/i]]
15:07:04.749 INFO - Executing: [get current url])
15:07:04.771 INFO - Done: [get current url]
15:07:04.778 INFO - Executing: [find element: By.xpath: //*[@id="firstname"]])
15:07:04.802 INFO - Done: [find element: By.xpath: //*[@id="firstname"]]
15:07:04.806 INFO - Executing: [send keys: 9 [[ChromeDriver: chrome on MAC (e7f44a90f9d40eaa925d47021c57ca45)] -> xpath: //*[@id="firstname"]], [A, l, e, x, a, n, d, r, e]])
15:07:04.952 INFO - Done: [send keys: 9 [[ChromeDriver: chrome on MAC (e7f44a90f9d40eaa925d47021c57ca45)] -> xpath: //*[@id="firstname"]], [A, l, e, x, a, n, d, r, e]]
15:07:04.955 INFO - Executing: [find element: By.xpath: //*[@id="lastname"]])
15:07:04.982 INFO - Done: [find element: By.xpath: //*[@id="lastname"]]
15:07:04.986 INFO - Executing: [send keys: 10 [[ChromeDriver: chrome on MAC (e7f44a90f9d40eaa925d47021c57ca45)] -> xpath: //*[@id="lastname"]], [S, t, a, m, m]])
15:07:05.164 INFO - Done: [send keys: 10 [[ChromeDriver: chrome on MAC (e7f44a90f9d40eaa925d47021c57ca45)] -> xpath: //*[@id="lastname"]], [S, t, a, m, m]]
15:07:05.185 INFO - Executing: [find element: By.xpath: //*[@id="app"]/div/div/div[2]/div/div[2]/form/button])
15:07:05.218 INFO - Done: [find element: By.xpath: //*[@id="app"]/div/div/div[2]/div/div[2]/form/button]
15:07:05.224 INFO - Executing: [click: 11 [[ChromeDriver: chrome on MAC (e7f44a90f9d40eaa925d47021c57ca45)] -> xpath: //*[@id="app"]/div/div/div[2]/div/div[2]/form/button]])
15:07:05.334 INFO - Done: [click: 11 [[ChromeDriver: chrome on MAC (e7f44a90f9d40eaa925d47021c57ca45)] -> xpath: //*[@id="app"]/div/div/div[2]/div/div[2]/form/button]]
15:07:05.340 INFO - Executing: [find elements: By.xpath: //*[@id="toast-container"]/div])
15:07:05.560 INFO - Done: [find elements: By.xpath: //*[@id="toast-container"]/div]
15:07:05.563 INFO - Executing: [is displayed: 12 [[ChromeDriver: chrome on MAC (e7f44a90f9d40eaa925d47021c57ca45)] -> xpath: //*[@id="toast-container"]/div]])
15:07:05.592 INFO - Done: [is displayed: 12 [[ChromeDriver: chrome on MAC (e7f44a90f9d40eaa925d47021c57ca45)] -> xpath: //*[@id="toast-container"]/div]]
15:07:05.599 INFO - Executing: [find element: By.xpath: //*[@id="toast-container"]/div])
15:07:05.618 INFO - Done: [find element: By.xpath: //*[@id="toast-container"]/div]
15:07:05.622 INFO - Executing: [get text: 12 [[ChromeDriver: chrome on MAC (e7f44a90f9d40eaa925d47021c57ca45)] -> xpath: //*[@id="toast-container"]/div]])
15:07:05.651 INFO - Done: [get text: 12 [[ChromeDriver: chrome on MAC (e7f44a90f9d40eaa925d47021c57ca45)] -> xpath: //*[@id="toast-container"]/div]]
15:07:05.655 INFO - Executing: [delete session: 0dc2bfa7-0093-4f17-b4a0-565cf27b3103])
15:07:05.798 INFO - Done: [delete session: 0dc2bfa7-0093-4f17-b4a0-565cf27b3103]
15:07:05.806 INFO - Executing: [new session: Capabilities [{acceptSslCerts=true, name=Users, browserName=chrome, javascriptEnabled=true, platform=ANY}]])
15:07:05.807 INFO - Creating a new session for Capabilities [{acceptSslCerts=true, name=Users, browserName=chrome, javascriptEnabled=true, platform=ANY}]
Starting ChromeDriver 2.30.477690 (c53f4ad87510ee97b5c3425a14c0e79780cdf262) on port 35038
Only local connections are allowed.
15:07:06.842 INFO - Detected dialect: OSS
15:07:06.844 INFO - Done: [new session: Capabilities [{acceptSslCerts=true, name=Users, browserName=chrome, javascriptEnabled=true, platform=ANY}]]
15:07:06.850 INFO - Executing: [get: http://localhost:3444/auth])
15:07:09.244 INFO - Done: [get: http://localhost:3444/auth]
15:07:09.252 INFO - Executing: [find element: By.cssSelector: input[id=username-sigin]])
15:07:09.274 INFO - Done: [find element: By.cssSelector: input[id=username-sigin]]
15:07:09.276 INFO - Executing: [send keys: 0 [[ChromeDriver: chrome on MAC (f6dd5546dad4c2e832b25eac64c1ccff)] -> css selector: input[id=username-sigin]], [a, d, m, i, n]])
15:07:09.404 INFO - Done: [send keys: 0 [[ChromeDriver: chrome on MAC (f6dd5546dad4c2e832b25eac64c1ccff)] -> css selector: input[id=username-sigin]], [a, d, m, i, n]]
15:07:09.407 INFO - Executing: [find element: By.cssSelector: input[id=password-signin]])
15:07:09.430 INFO - Done: [find element: By.cssSelector: input[id=password-signin]]
15:07:09.434 INFO - Executing: [send keys: 1 [[ChromeDriver: chrome on MAC (f6dd5546dad4c2e832b25eac64c1ccff)] -> css selector: input[id=password-signin]], [p, a, s, s, w, o, r, d, 1, 2, 3]])
15:07:09.604 INFO - Done: [send keys: 1 [[ChromeDriver: chrome on MAC (f6dd5546dad4c2e832b25eac64c1ccff)] -> css selector: input[id=password-signin]], [p, a, s, s, w, o, r, d, 1, 2, 3]]
15:07:09.608 INFO - Executing: [find element: By.cssSelector: button[name=sign-in]])
15:07:09.628 INFO - Done: [find element: By.cssSelector: button[name=sign-in]]
15:07:09.634 INFO - Executing: [click: 2 [[ChromeDriver: chrome on MAC (f6dd5546dad4c2e832b25eac64c1ccff)] -> css selector: button[name=sign-in]]])
15:07:09.733 INFO - Done: [click: 2 [[ChromeDriver: chrome on MAC (f6dd5546dad4c2e832b25eac64c1ccff)] -> css selector: button[name=sign-in]]]
15:07:09.741 INFO - Executing: [get: http://localhost:3444/user])
15:07:11.599 INFO - Done: [get: http://localhost:3444/user]
15:07:11.609 INFO - Executing: [find elements: By.cssSelector: body])
15:07:11.646 INFO - Done: [find elements: By.cssSelector: body]
15:07:11.655 INFO - Executing: [is displayed: 3 [[ChromeDriver: chrome on MAC (f6dd5546dad4c2e832b25eac64c1ccff)] -> css selector: body]])
15:07:11.688 INFO - Done: [is displayed: 3 [[ChromeDriver: chrome on MAC (f6dd5546dad4c2e832b25eac64c1ccff)] -> css selector: body]]
15:07:13.696 INFO - Executing: [find element: By.xpath: //*[@id="app"]/div/div/div[2]/div[2]/a/i])
15:07:13.717 INFO - Done: [find element: By.xpath: //*[@id="app"]/div/div/div[2]/div[2]/a/i]
15:07:13.720 INFO - Executing: [click: 4 [[ChromeDriver: chrome on MAC (f6dd5546dad4c2e832b25eac64c1ccff)] -> xpath: //*[@id="app"]/div/div/div[2]/div[2]/a/i]])
15:07:13.955 INFO - Done: [click: 4 [[ChromeDriver: chrome on MAC (f6dd5546dad4c2e832b25eac64c1ccff)] -> xpath: //*[@id="app"]/div/div/div[2]/div[2]/a/i]]
15:07:13.959 INFO - Executing: [find element: By.cssSelector: input[name=firstname]])
15:07:13.989 INFO - Done: [find element: By.cssSelector: input[name=firstname]]
15:07:13.994 INFO - Executing: [send keys: 5 [[ChromeDriver: chrome on MAC (f6dd5546dad4c2e832b25eac64c1ccff)] -> css selector: input[name=firstname]], [p, a, u, l]])
15:07:14.580 INFO - Done: [send keys: 5 [[ChromeDriver: chrome on MAC (f6dd5546dad4c2e832b25eac64c1ccff)] -> css selector: input[name=firstname]], [p, a, u, l]]
15:07:14.584 INFO - Executing: [find element: By.cssSelector: input[name=lastname]])
15:07:14.609 INFO - Done: [find element: By.cssSelector: input[name=lastname]]
15:07:14.614 INFO - Executing: [send keys: 6 [[ChromeDriver: chrome on MAC (f6dd5546dad4c2e832b25eac64c1ccff)] -> css selector: input[name=lastname]], [p, o, g, b, a]])
15:07:14.969 INFO - Done: [send keys: 6 [[ChromeDriver: chrome on MAC (f6dd5546dad4c2e832b25eac64c1ccff)] -> css selector: input[name=lastname]], [p, o, g, b, a]]
15:07:14.976 INFO - Executing: [find element: By.cssSelector: input[name=email]])
15:07:15.002 INFO - Done: [find element: By.cssSelector: input[name=email]]
15:07:15.007 INFO - Executing: [send keys: 7 [[ChromeDriver: chrome on MAC (f6dd5546dad4c2e832b25eac64c1ccff)] -> css selector: input[name=email]], [C, a, l, e, b, ., W, i, s, o, z, k, 5, 8, @, g, m, a, i, l, ., c, o, m]])
15:07:17.674 INFO - Done: [send keys: 7 [[ChromeDriver: chrome on MAC (f6dd5546dad4c2e832b25eac64c1ccff)] -> css selector: input[name=email]], [C, a, l, e, b, ., W, i, s, o, z, k, 5, 8, @, g, m, a, i, l, ., c, o, m]]
15:07:17.680 INFO - Executing: [find element: By.cssSelector: input[name=firstname]])
15:07:17.694 INFO - Done: [find element: By.cssSelector: input[name=firstname]]
15:07:17.700 INFO - Executing: [send keys: 5 [[ChromeDriver: chrome on MAC (f6dd5546dad4c2e832b25eac64c1ccff)] -> css selector: input[name=firstname]], [p, a, u, l]])
15:07:17.937 INFO - Done: [send keys: 5 [[ChromeDriver: chrome on MAC (f6dd5546dad4c2e832b25eac64c1ccff)] -> css selector: input[name=firstname]], [p, a, u, l]]
15:07:17.943 INFO - Executing: [find element: By.cssSelector: input[name=username]])
15:07:17.965 INFO - Done: [find element: By.cssSelector: input[name=username]]
15:07:17.969 INFO - Executing: [send keys: 8 [[ChromeDriver: chrome on MAC (f6dd5546dad4c2e832b25eac64c1ccff)] -> css selector: input[name=username]], [H, i, r, a, m, _, G, u, t, k, o, w, s, k, i]])
15:07:18.800 INFO - Done: [send keys: 8 [[ChromeDriver: chrome on MAC (f6dd5546dad4c2e832b25eac64c1ccff)] -> css selector: input[name=username]], [H, i, r, a, m, _, G, u, t, k, o, w, s, k, i]]
15:07:18.805 INFO - Executing: [find element: By.cssSelector: input[name=password]])
15:07:18.825 INFO - Done: [find element: By.cssSelector: input[name=password]]
15:07:18.829 INFO - Executing: [send keys: 9 [[ChromeDriver: chrome on MAC (f6dd5546dad4c2e832b25eac64c1ccff)] -> css selector: input[name=password]], [p, a, s, s, w, o, r, d, 1, 2, 3]])
15:07:19.991 INFO - Done: [send keys: 9 [[ChromeDriver: chrome on MAC (f6dd5546dad4c2e832b25eac64c1ccff)] -> css selector: input[name=password]], [p, a, s, s, w, o, r, d, 1, 2, 3]]
15:07:19.996 INFO - Executing: [find element: By.cssSelector: input[name=lastname]])
15:07:20.008 INFO - Done: [find element: By.cssSelector: input[name=lastname]]
15:07:20.012 INFO - Executing: [send keys: 6 [[ChromeDriver: chrome on MAC (f6dd5546dad4c2e832b25eac64c1ccff)] -> css selector: input[name=lastname]], [p, o, g, b, a]])
15:07:20.305 INFO - Done: [send keys: 6 [[ChromeDriver: chrome on MAC (f6dd5546dad4c2e832b25eac64c1ccff)] -> css selector: input[name=lastname]], [p, o, g, b, a]]
15:07:20.312 INFO - Executing: [find element: By.cssSelector: input[name=confirmPassword]])
15:07:20.334 INFO - Done: [find element: By.cssSelector: input[name=confirmPassword]]
15:07:20.340 INFO - Executing: [send keys: 10 [[ChromeDriver: chrome on MAC (f6dd5546dad4c2e832b25eac64c1ccff)] -> css selector: input[name=confirmPassword]], [p, a, s, s, w, o, r, d, 1, 2, 3]])
15:07:21.406 INFO - Done: [send keys: 10 [[ChromeDriver: chrome on MAC (f6dd5546dad4c2e832b25eac64c1ccff)] -> css selector: input[name=confirmPassword]], [p, a, s, s, w, o, r, d, 1, 2, 3]]
15:07:21.411 INFO - Executing: [find element: By.xpath: //*[@id="sign-up"]/button])
15:07:21.445 INFO - Done: [find element: By.xpath: //*[@id="sign-up"]/button]
15:07:21.450 INFO - Executing: [click: 11 [[ChromeDriver: chrome on MAC (f6dd5546dad4c2e832b25eac64c1ccff)] -> xpath: //*[@id="sign-up"]/button]])
15:07:21.555 INFO - Done: [click: 11 [[ChromeDriver: chrome on MAC (f6dd5546dad4c2e832b25eac64c1ccff)] -> xpath: //*[@id="sign-up"]/button]]
15:07:21.562 INFO - Executing: [find elements: By.xpath: //*[@id="toast-container"]/div])
15:07:21.600 INFO - Done: [find elements: By.xpath: //*[@id="toast-container"]/div]
15:07:22.111 INFO - Executing: [find elements: By.xpath: //*[@id="toast-container"]/div])
15:07:22.137 INFO - Done: [find elements: By.xpath: //*[@id="toast-container"]/div]
15:07:22.144 INFO - Executing: [is displayed: 12 [[ChromeDriver: chrome on MAC (f6dd5546dad4c2e832b25eac64c1ccff)] -> xpath: //*[@id="toast-container"]/div]])
15:07:22.176 INFO - Done: [is displayed: 12 [[ChromeDriver: chrome on MAC (f6dd5546dad4c2e832b25eac64c1ccff)] -> xpath: //*[@id="toast-container"]/div]]
15:07:22.184 INFO - Executing: [find element: By.xpath: //*[@id="toast-container"]/div])
15:07:22.208 INFO - Done: [find element: By.xpath: //*[@id="toast-container"]/div]
15:07:22.211 INFO - Executing: [get text: 12 [[ChromeDriver: chrome on MAC (f6dd5546dad4c2e832b25eac64c1ccff)] -> xpath: //*[@id="toast-container"]/div]])
15:07:22.239 INFO - Done: [get text: 12 [[ChromeDriver: chrome on MAC (f6dd5546dad4c2e832b25eac64c1ccff)] -> xpath: //*[@id="toast-container"]/div]]
15:07:22.243 INFO - Executing: [delete session: b008fe75-b43a-4aeb-9277-db4e44fb7f34])
15:07:22.388 INFO - Done: [delete session: b008fe75-b43a-4aeb-9277-db4e44fb7f34]
